1.0 0.030140907
0.0 0.48055276
0.0 0.075411126
0.0 0.18660386
0.0 0.33372056
0.0 0.40342686
0.0 0.18515
0.0 0.12867378
0.0 0.03953485
0.0 0.061758
0.0 0.06354731
0.0 0.0051436746
0.0 0.0037556598
0.0 0.026327334
0.0 0.4020365
0.0 0.39384755
0.0 0.18761861
0.0 0.20931982
0.0 0.15848732
0.0 0.0096594
0.0 0.19448802
0.0 0.33380988
0.0 0.045266733
0.0 0.07116535
0.0 0.45598677
0.0 0.04631539
0.0 0.05742202
0.0 0.04894808
0.0 0.031032486
0.0 0.07714743
0.0 0.11952225
0.0 0.015186867
0.0 0.39846954
0.0 0.029492078
0.0 0.08489354
0.0 0.17387387
0.0 0.08418489
0.0 0.026875995
0.0 0.22017242
0.0 0.0904599
0.0 0.04334623
0.0 0.15289274
0.0 0.05216208
0.0 0.022502217
0.0 0.3571208
0.0 0.07067692
0.0 0.15126574
0.0 0.04173817
0.0 0.025487807
0.0 0.21168724
0.0 0.12408905
0.0 0.06425356
0.0 0.003913606
0.0 0.043938898
0.0 0.005086686
0.0 0.046615288
0.0 0.058786463
0.0 0.06521335
0.0 0.061063156
0.0 0.18867846
0.0 0.61880654
0.0 0.3425248
0.0 0.19997625
0.0 0.045224845
0.0 0.14097784
0.0 0.090493284
0.0 0.18597236
0.0 0.26678473
0.0 0.046126172
0.0 0.12840702
0.0 0.032330845
0.0 0.2010887
0.0 0.23054878
0.0 0.020288963
0.0 0.1776054
0.0 0.09085803
0.0 0.24372073
0.0 0.17972918
0.0 0.03461942
0.0 0.25925824
0.0 0.1221793
0.0 0.33921358
0.0 0.17642935
0.0 0.3951515
0.0 0.18904197
0.0 0.083983734
0.0 0.01004945
0.0 0.10714066
0.0 0.33128163
0.0 0.1511573
0.0 0.5001888
0.0 0.14509551
0.0 0.083948925
0.0 0.08755647
0.0 0.046747614
0.0 0.03292428
0.0 0.07785244
0.0 0.040293135
0.0 0.22921728
0.0 0.010523757
0.0 0.07913291
0.0 0.08813554
0.0 0.0671611
0.0 0.28227028
0.0 0.11290673
0.0 0.08223035
0.0 0.21273847
0.0 0.04614408
0.0 0.17566858
0.0 0.19795507
0.0 0.048880566
0.0 0.30419993
0.0 0.07521895
0.0 0.0385676
0.0 0.16486876
0.0 0.058375675
0.0 0.103753746
0.0 0.079343
0.0 0.12923509
0.0 0.111905344
0.0 0.21860349
0.0 0.27711746
0.0 0.38346523
0.0 0.37363228
0.0 0.008184185
0.0 0.028630203
0.0 0.20216261
0.0 0.01848575
0.0 0.04035598
0.0 0.15312992
0.0 0.10879555
0.0 0.04450284
0.0 0.41313732
0.0 0.2132373
0.0 0.12738833
0.0 0.25836533
0.0 0.00993058
0.0 0.38939112
0.0 0.40232924
0.0 0.36056134
0.0 0.6190585
0.0 0.028588155
0.0 0.39384755
0.0 0.3594413
0.0 0.08107851
0.0 0.098482564
0.0 0.3114927
0.0 0.5915561
0.0 0.040626757
0.0 0.24477346
0.0 0.058627896
0.0 0.06456585
0.0 0.6958077
0.0 0.1039584
0.0 0.08167545
0.0 0.03998455
0.0 0.25127727
0.0 0.034075417
0.0 0.38912877
0.0 0.5728101
0.0 0.090226926
0.0 0.025239123
0.0 0.054080997
0.0 0.058459446
0.0 0.41673943
0.0 0.1177664
0.0 0.0964251
0.0 0.05990335
0.0 0.08279321
0.0 0.11618625
0.0 0.08291264
0.0 0.21767978
0.0 0.42271072
0.0 0.058938473
0.0 0.06417564
0.0 0.028039418
0.0 0.015572312
0.0 0.22992763
0.0 0.41653588
0.0 0.08204354
0.0 0.032759525
0.0 0.044987734
0.0 0.057621714
0.0 0.09218089
0.0 0.039047793
0.0 0.25545037
0.0 0.18133081
0.0 0.1271901
0.0 0.17566858
0.0 0.097453795
0.0 0.51170343
0.0 0.04334623
0.0 0.14133894
0.0 0.06364501
0.0 0.41159692
0.0 0.086495616
0.0 0.599038
0.0 0.28376928
0.0 0.15117843
0.0 0.048633136
0.0 0.17519826
0.0 0.019276978
0.0 0.25485605
0.0 0.57474554
0.0 0.2124023
0.0 0.37855124
0.0 0.098009035
0.0 0.08608573
