1.0 0.020499399
0.0 0.022482023
0.0 0.084497996
0.0 0.002468481
0.0 0.1105649
0.0 0.0066912663
0.0 0.0014250177
0.0 0.0021680964
0.0 0.03914372
0.0 0.02532882
0.0 0.023775717
0.0 0.008983666
0.0 0.025945863
0.0 0.018066827
0.0 0.08561711
0.0 0.07064231
0.0 0.29355276
0.0 0.11744984
0.0 0.4746139
0.0 0.07665919
0.0 0.084273025
0.0 0.0020719366
0.0 0.114127964
0.0 0.29278448
0.0 0.22603945
0.0 0.0014215404
0.0 0.049381334
0.0 0.011867208
0.0 0.0048631
0.0 0.04755149
0.0 0.004137641
0.0 0.011720583
0.0 0.014819607
0.0 0.03534489
0.0 0.03672312
0.0 0.011176328
0.0 0.0015154255
0.0 0.0028183681
0.0 0.10286593
0.0 0.0138718905
0.0 0.009890389
0.0 0.020792939
0.0 0.0013190265
0.0 0.000978944
0.0 0.0016525955
0.0 0.0011503499
0.0 0.00021699442
0.0 0.001223612
0.0 0.00043830476
0.0 0.1832516
0.0 0.0010740806
0.0 0.029423593
0.0 0.022741208
0.0 0.0017650636
0.0 0.005557649
0.0 0.0045282277
0.0 0.019921247
0.0 0.0037886146
0.0 0.013318121
0.0 0.0055642994
0.0 0.0019088283
0.0 0.0048053726
0.0 0.0040482217
0.0 0.0018679367
0.0 0.0029002328
0.0 0.03301848
0.0 0.0052587115
0.0 0.0274107
0.0 0.020085504
0.0 0.026301987
0.0 0.005054269
0.0 0.064379916
0.0 0.2224757
0.0 0.07164151
0.0 0.010521016
0.0 0.02497583
0.0 0.02127731
0.0 0.008863481
0.0 0.008098007
0.0 0.026440853
0.0 0.0018548066
0.0 0.0022067544
0.0 0.008034225
0.0 0.065101944
0.0 0.0074647157
0.0 0.04589672
0.0 0.044414166
0.0 0.09179117
0.0 0.024426766
0.0 0.006204323
0.0 0.41080827
0.0 0.0054550767
0.0 0.01009914
0.0 0.0039384738
0.0 0.0027904105
0.0 0.00065981894
0.0 0.00016611685
0.0 0.61604136
0.0 0.1632946
0.0 0.0067007937
0.0 0.004573942
0.0 0.0002694463
0.0 0.0018430391
0.0 0.009455876
0.0 0.01728793
0.0 0.028345512
0.0 0.03655499
0.0 0.07154084
0.0 0.008240458
0.0 0.040456578
0.0 0.03338791
1.0 0.03727897
1.0 0.9685046
0.0 0.002393928
0.0 0.0015209335
0.0 0.072793804
0.0 0.0040732124
0.0 0.002250774
0.0 0.0032527728
0.0 0.16855325
0.0 0.0005300071
0.0 0.0013701173
0.0 0.011709414
0.0 0.080057554
0.0 0.0013073668
0.0 0.016238276
0.0 0.0041566323
0.0 0.044570785
0.0 0.039339766
0.0 0.0001473414
0.0 0.022598142
0.0 0.0038264098
0.0 0.0005308171
0.0 0.0006894995
0.0 0.245192
0.0 0.18432727
0.0 0.02719786
0.0 0.0012881462
0.0 0.016670808
0.0 0.007855621
0.0 0.002775791
0.0 0.013725741
0.0 0.003621381
0.0 0.0019665062
0.0 0.38645887
0.0 0.050349336
0.0 0.015835764
0.0 0.02520325
0.0 0.006717861
0.0 4.0790233e-05
0.0 0.0002305276
0.0 0.026602909
0.0 0.00045278584
0.0 0.0028223726
0.0 8.866016e-05
0.0 0.017339626
0.0 0.007087768
0.0 0.0020699932
0.0 0.0018338838
0.0 0.00026552103
0.0 0.018839568
0.0 0.0012857126
0.0 0.009200629
0.0 0.024531107
0.0 0.0002250386
0.0 0.002833986
0.0 0.055736095
0.0 3.6804973e-05
0.0 0.00025362725
0.0 0.0022036678
0.0 0.00910613
0.0 0.0030119081
0.0 0.050112035
0.0 0.049368687
0.0 0.14042428
0.0 0.0009982046
0.0 0.0012123551
0.0 0.00022019363
0.0 0.0014751365
0.0 0.0004204279
0.0 0.13881053
0.0 0.0058242073
0.0 0.0018839506
0.0 0.106653266
0.0 0.09321865
0.0 9.967583e-05
0.0 0.05025364
0.0 0.41838044
0.0 0.00018954872
0.0 0.011464305
0.0 0.07493821
0.0 0.00045187413
0.0 0.0021801807
0.0 0.00010549494
0.0 0.0010004477
0.0 0.0008661609
0.0 0.07439073
0.0 0.0009594429
0.0 0.00011034675
0.0 0.001333017
0.0 0.09143265
