0.0 0.0021336013
0.0 0.0015713853
0.0 0.017086327
0.0 0.032562394
0.0 0.059053544
0.0 0.031107793
0.0 0.037599254
0.0 0.027543014
0.0 0.004817117
0.0 0.0077044936
0.0 0.0020004772
0.0 0.008624542
0.0 0.0006409804
0.0 0.007320505
0.0 0.04041055
0.0 0.041233882
0.0 0.017036052
0.0 0.037763547
0.0 0.0019458688
0.0 0.024128823
0.0 0.00031919507
0.0 0.00052734243
0.0 0.004983674
0.0 0.012485455
0.0 0.0013660314
0.0 0.0215931
0.0 0.099993736
0.0 0.00075523544
0.0 0.06482603
0.0 0.025161842
0.0 0.00066237606
0.0 0.00090507267
0.0 0.0014906226
0.0 0.0010092114
0.0 0.010087491
0.0 0.0049420167
0.0 0.00040204843
0.0 0.0018405478
0.0 0.111719504
0.0 0.064285725
0.0 0.07563877
0.0 0.012470001
0.0 0.07952555
0.0 0.009047882
0.0 0.019897487
0.0 0.0077957544
0.0 0.004787716
0.0 0.034582775
0.0 0.004700317
0.0 0.0010672905
0.0 0.010020238
0.0 0.004331525
0.0 0.011884376
0.0 0.00815599
0.0 0.0019923486
0.0 0.031087292
0.0 0.10268145
0.0 0.15948616
0.0 0.10858841
0.0 0.13322219
0.0 0.054356813
0.0 0.03111305
0.0 0.13433513
0.0 0.011036634
0.0 0.00752462
0.0 0.004169894
0.0 0.0808804
0.0 0.0120859835
0.0 0.04732186
0.0 0.0115594845
0.0 0.004555599
0.0 0.28464445
0.0 0.009011017
0.0 0.007018538
0.0 0.007081419
0.0 0.021392964
0.0 0.06315392
0.0 0.0059229834
0.0 0.00040079522
0.0 0.0025167621
0.0 0.004660108
0.0 0.005496055
0.0 0.0068734935
0.0 0.0049174028
1.0 0.95347685
1.0 0.9478771
0.0 0.0019377993
0.0 0.0038944245
0.0 0.15573113
0.0 0.021328898
0.0 5.9669423e-05
0.0 0.00018055041
0.0 0.026301531
0.0 0.012830077
0.0 0.083269134
0.0 0.018336207
0.0 0.0020726465
0.0 0.0059729475
0.0 0.77863854
0.0 0.6524791
0.0 1.3581906e-05
0.0 3.7404332e-06
0.0 0.0016806609
0.0 0.00042560717
0.0 0.0022959602
0.0 0.0017438293
0.0 0.0017470255
0.0 0.0020116398
0.0 0.0030181876
0.0 0.0061047534
0.0 0.074386075
0.0 0.16098626
1.0 0.9983012
1.0 0.646302
0.0 0.02101954
0.0 0.035243507
0.0 0.37161946
0.0 0.036442537
0.0 0.023961816
0.0 0.05577074
0.0 0.0010982612
0.0 0.00013391301
0.0 0.026760971
0.0 0.00060669903
0.0 0.005659304
0.0 0.0007744318
0.0 0.040147733
0.0 0.0018300453
0.0 0.027996236
0.0 0.10034199
0.0 0.00015449974
0.0 0.003955261
0.0 9.278212e-05
0.0 0.004145858
0.0 0.0060886103
0.0 0.0017538538
0.0 0.0057321186
0.0 0.0379875
0.0 0.0008047946
0.0 0.00056443847
0.0 0.008586751
0.0 0.00213706
0.0 0.0002557805
0.0 0.00010769817
0.0 0.0017408783
0.0 0.0057713087
0.0 0.06597901
0.0 0.060930464
0.0 0.00833711
0.0 0.022342376
0.0 0.0433291
0.0 0.071291864
0.0 0.06691248
0.0 0.00017630684
0.0 0.008908614
0.0 0.008011895
0.0 0.013897294
0.0 0.10762417
0.0 0.0022973358
0.0 0.018596686
0.0 8.23483e-05
0.0 0.007814639
0.0 0.07809348
0.0 0.0027319787
0.0 0.07494454
0.0 0.010256958
0.0 0.0030437447
0.0 0.0006582942
0.0 0.010648899
0.0 0.0024617643
0.0 0.0058665425
0.0 0.0004914281
0.0 0.0011348547
0.0 0.0007842201
0.0 0.7694029
0.0 0.006640902
0.0 0.0024544413
0.0 0.0015557804
0.0 0.038523015
0.0 0.00082948955
0.0 0.012865564
0.0 0.0024836066
0.0 0.029053943
0.0 0.844014
0.0 0.029063288
0.0 0.0063425656
0.0 0.0018521759
0.0 0.00079488184
0.0 0.031832438
0.0 0.0008899286
0.0 0.010206101
0.0 0.018328955
0.0 0.0014778296
0.0 0.00126544
0.0 0.015475448
0.0 0.0009750889
0.0 0.00023467287
0.0 0.0009522458
0.0 0.0072623203
0.0 0.006365811
0.0 0.03238524
