0.0 0.0011416466
0.0 0.00025527083
0.0 0.0018930015
0.0 0.00064717955
0.0 0.0004112833
0.0 0.00016147557
0.0 0.00031056462
0.0 0.0005905728
0.0 0.002892095
0.0 0.0013935971
0.0 0.0013662676
0.0 0.0031450314
0.0 0.00029149008
0.0 8.747071e-05
0.0 0.00092418044
0.0 0.00089237705
0.0 0.0012622175
0.0 0.0056210626
0.0 0.00043593673
0.0 0.00030566816
0.0 0.0016475657
0.0 0.0036586397
0.0 0.013141681
0.0 0.090548776
0.0 0.013202431
0.0 0.02348531
0.0 0.008245138
0.0 0.11125961
0.0 0.01556817
0.0 0.025598887
0.0 0.09726422
0.0 0.0076384824
0.0 0.0012180053
0.0 0.0016523311
0.0 0.004377741
0.0 0.004109459
0.0 0.028705409
0.0 0.00018383907
0.0 0.0001701462
0.0 0.0019222486
0.0 0.07816134
0.0 0.0066412888
0.0 0.041799463
0.0 0.13226832
0.0 0.06422536
0.0 0.024943803
0.0 0.005441386
0.0 0.024856629
0.0 0.09602271
0.0 0.015593607
0.0 0.0027587216
0.0 0.014938846
0.0 0.0009464159
0.0 0.0017184959
0.0 0.012868357
0.0 0.016818512
0.0 0.00026734412
0.0 0.094713695
0.0 0.43392003
0.0 0.020074144
0.0 0.040750418
0.0 0.003956546
0.0 0.01981058
0.0 0.016755706
0.0 0.0011424789
0.0 0.007449998
0.0 0.010339945
0.0 0.017833998
0.0 0.044808496
0.0 0.18116339
0.0 0.06610638
0.0 0.15625107
0.0 0.12512244
0.0 0.0025978559
0.0 0.0072455835
0.0 0.00994342
0.0 0.11902217
0.0 0.060936477
0.0 0.070980616
0.0 0.0028349631
0.0 0.0050122673
0.0 0.01016446
0.0 0.0037663921
0.0 0.017647952
0.0 0.016223727
0.0 0.018302498
0.0 0.0039521134
0.0 0.04316349
0.0 0.012589447
0.0 0.0007466997
0.0 0.00019322368
0.0 0.03751407
0.0 0.024452282
0.0 0.0019704574
0.0 0.010802275
0.0 0.0072742733
0.0 0.014884358
0.0 9.4229785e-05
0.0 2.916162e-05
0.0 4.1717067e-05
0.0 3.9212835e-05
0.0 0.027241902
0.0 0.03499329
0.0 0.028900882
0.0 0.0030611765
0.0 0.003390484
0.0 0.002658703
0.0 0.0007204507
0.0 0.12352429
0.0 0.017012106
0.0 0.014533229
1.0 0.6819076
1.0 0.029892458
1.0 0.016006429
0.0 0.0145069
0.0 0.0004712485
0.0 0.06782476
0.0 0.0019339335
0.0 0.019652013
0.0 0.0012119245
0.0 0.0371555
0.0 0.0018006234
0.0 0.04033536
0.0 0.01318063
0.0 0.06715628
0.0 0.009189981
0.0 0.040633187
0.0 0.009909065
0.0 0.064784236
0.0 0.00016348419
0.0 0.05641281
0.0 0.05106089
0.0 0.0071167336
0.0 0.092012376
0.0 0.00038161592
0.0 0.0032061876
0.0 0.018508654
0.0 0.004310482
0.0 0.0016952712
0.0 0.0099951895
0.0 0.011945611
0.0 0.0029113947
0.0 0.0032766354
0.0 0.05272757
0.0 0.004100091
0.0 0.03271366
0.0 0.039375227
0.0 0.008575669
0.0 0.008092122
0.0 0.0057758386
0.0 0.00048780924
0.0 0.0009314061
0.0 0.0019958862
0.0 0.0011879717
0.0 0.06505012
0.0 0.000233427
0.0 0.001480759
0.0 0.008554144
0.0 0.028849356
0.0 0.0015529091
0.0 4.585425e-05
0.0 0.0058313296
0.0 0.0065731234
0.0 0.020361662
0.0 0.023249894
0.0 0.0011826848
0.0 0.004973878
0.0 0.0072709923
0.0 5.432633e-06
0.0 0.047610026
0.0 0.028751493
0.0 0.03239053
0.0 0.023931636
0.0 0.0011066687
0.0 0.009018664
0.0 0.38295075
0.0 0.1447001
0.0 0.008643541
0.0 0.001867894
0.0 0.02374256
0.0 0.015092795
0.0 0.00021424227
0.0 0.001402875
0.0 0.0020925933
0.0 0.00596225
0.0 7.4980315e-05
0.0 0.019298464
0.0 0.04399678
0.0 1.077556e-05
0.0 0.013561831
0.0 0.006511126
0.0 0.039705083
0.0 0.0018550599
0.0 0.0038660367
0.0 0.028105745
0.0 0.0012526864
0.0 0.0028411245
0.0 0.0070574298
0.0 0.022293128
0.0 0.0057162126
0.0 0.00022851257
0.0 0.0025558185
