0.0 0.00036283262
0.0 8.5922286e-05
0.0 0.00036040874
0.0 0.0011582595
0.0 7.650865e-05
0.0 0.0011223535
0.0 0.00019418445
0.0 0.0014187301
0.0 0.00010535591
0.0 0.00019417983
0.0 0.00047819468
0.0 0.00040427025
0.0 8.3098246e-05
0.0 0.0006164317
0.0 0.00018206291
0.0 0.011081374
0.0 0.0031703296
0.0 0.00086625875
0.0 0.00033792257
0.0 0.00015150497
0.0 8.090335e-05
0.0 0.00034751176
0.0 0.0009754996
0.0 0.000278623
0.0 0.0005947483
0.0 0.007535414
0.0 0.0029525862
0.0 0.004056052
0.0 0.012237742
0.0 0.025568962
0.0 0.009557517
0.0 0.007658877
0.0 0.0070060836
1.0 0.0003608956
1.0 0.0016321043
1.0 0.00069506816
1.0 0.00036661277
1.0 0.001074338
1.0 0.00011280556
0.0 6.2448635e-05
0.0 0.0009525965
0.0 0.00031418598
0.0 0.00030032673
0.0 0.00040074612
0.0 0.0012350578
0.0 0.0021358135
0.0 0.002184202
1.0 0.9902772
1.0 0.9801855
1.0 0.99653435
1.0 0.88764167
1.0 0.84797263
0.0 0.005676377
0.0 0.008581793
0.0 0.069677964
0.0 0.0108616175
0.0 0.0032886658
0.0 0.0020474342
0.0 0.0017796735
0.0 0.097490795
0.0 0.016341072
0.0 0.0029657222
0.0 0.0019713524
0.0 0.0020043994
0.0 0.0009317279
0.0 0.010950386
0.0 0.09671021
0.0 0.19836643
0.0 0.17064346
0.0 0.056748305
0.0 0.013230029
0.0 0.020998484
0.0 0.057658963
0.0 0.0006216748
0.0 0.0011415819
0.0 0.0026636552
0.0 0.00954133
0.0 0.0010053623
0.0 0.10488922
0.0 0.02175949
0.0 0.0037672478
0.0 0.0158596
0.0 0.0066254465
0.0 0.016993385
0.0 0.021267928
0.0 0.09197411
0.0 0.031036597
0.0 0.0029083842
0.0 0.009683564
0.0 0.010687136
0.0 0.0016831444
0.0 0.00045243895
0.0 0.00015550328
0.0 0.042612433
0.0 0.034819193
0.0 0.046414714
0.0 0.081948355
0.0 0.0017074487
0.0 0.0012974729
0.0 0.0022233382
0.0 0.0015973086
0.0 0.0005015851
0.0 0.00036282899
0.0 0.07722944
0.0 0.058197867
0.0 0.0072080847
0.0 0.0032898367
0.0 0.006052942
0.0 0.00068284967
0.0 0.000118820935
0.0 4.0829855e-05
1.0 0.99143815
1.0 0.0016392573
1.0 0.9899956
0.0 6.3870546e-05
0.0 0.00016978399
0.0 0.0028552413
0.0 0.09019147
0.0 0.040266015
0.0 0.007961363
0.0 0.0018849291
0.0 0.0063965768
0.0 0.077720545
0.0 0.1578242
0.0 0.0020514433
0.0 0.008356723
0.0 0.048653822
0.0 0.023230752
0.0 0.0007465279
0.0 0.030967213
0.0 0.0015643337
0.0 0.016882839
0.0 0.0006786809
0.0 0.08665867
0.0 0.02082173
0.0 0.011633866
0.0 0.0041445587
0.0 0.013606774
0.0 0.00037957108
0.0 8.40652e-05
0.0 0.010525952
0.0 0.050284203
0.0 0.031559587
0.0 0.042429764
0.0 0.002215677
0.0 5.385237e-05
0.0 0.0073423786
0.0 0.16689159
0.0 0.00032238427
0.0 0.017453913
0.0 0.045177236
0.0 0.0066120406
0.0 0.020853737
0.0 0.0006603225
0.0 0.0012276254
0.0 0.0022065465
0.0 0.21541019
0.0 0.010561994
0.0 0.0049300394
0.0 6.012233e-07
0.0 0.001672333
0.0 0.32913384
0.0 0.23668636
0.0 0.0053737992
0.0 0.03727668
0.0 0.0012074738
0.0 0.0009717673
0.0 0.04879316
0.0 0.007737823
0.0 0.0021876455
0.0 0.0026581946
0.0 0.0035020935
0.0 3.453633e-06
0.0 0.02501079
0.0 0.0056209075
0.0 0.0050450624
0.0 0.000114340895
0.0 0.007668991
0.0 0.009183839
0.0 0.046345655
0.0 0.08090616
0.0 0.014562953
0.0 0.0124320015
0.0 0.08568074
0.0 0.015916733
0.0 0.05585054
0.0 0.0034558005
0.0 0.016413715
0.0 0.0033576058
0.0 0.0036891217
0.0 0.021214673
0.0 0.10298011
0.0 0.018494947
0.0 0.017143559
0.0 0.018751137
0.0 0.0033998452
0.0 0.016557595
0.0 0.009411745
0.0 0.00090397074
0.0 0.061219312
0.0 0.0030650643
0.0 0.02215656
