0.0 0.05495737
0.0 0.014913886
0.0 0.0026316089
0.0 0.0022602978
0.0 0.009362362
0.0 0.007319455
0.0 0.024144895
0.0 0.03419174
0.0 0.03447132
0.0 0.008827415
0.0 0.0019347869
0.0 0.016397063
0.0 0.022061318
0.0 0.017339196
0.0 0.006111959
0.0 0.02785076
0.0 0.0016329515
0.0 0.011581423
0.0 0.015399668
0.0 0.06335437
0.0 0.020506984
0.0 0.0020463276
0.0 0.031091847
0.0 0.016801685
0.0 0.0054742126
0.0 0.003062287
0.0 0.013625884
0.0 0.008060756
0.0 0.014083264
0.0 0.0033084261
0.0 0.035489514
0.0 0.012298534
0.0 0.041509308
0.0 0.005736001
0.0 0.005297169
0.0 0.015752295
0.0 0.03317733
0.0 0.012868411
0.0 0.018657826
0.0 0.014645684
0.0 0.008251091
0.0 0.0052480986
0.0 0.013112389
0.0 0.043516546
0.0 0.0015245685
0.0 0.00052026234
0.0 0.00031783164
0.0 0.0036382002
0.0 0.008453769
0.0 0.0022160872
0.0 0.0061324257
0.0 0.008202824
0.0 0.001610533
0.0 0.00065899035
0.0 0.000728973
0.0 0.0028862073
0.0 0.0006054698
0.0 9.3303366e-05
0.0 0.0005791873
0.0 0.006144929
0.0 0.0034765238
0.0 0.0024292069
0.0 0.0033063781
0.0 0.002461371
0.0 0.000120635035
0.0 0.0014610675
0.0 0.001277048
0.0 0.0064375014
0.0 0.023142839
0.0 0.021426091
0.0 0.0017430998
0.0 0.00073249463
0.0 0.0028256772
0.0 0.0017311127
0.0 1.0522957e-05
0.0 0.037055217
0.0 0.00018889108
0.0 0.0096570235
0.0 0.001401236
0.0 0.02786447
0.0 0.0032253836
0.0 0.0010097409
0.0 0.0040087565
1.0 0.0012712016
0.0 0.0019476403
0.0 0.022800256
0.0 0.013176785
0.0 0.013022709
0.0 0.003718665
0.0 0.003626989
0.0 0.0010885032
0.0 0.07588225
0.0 0.024353134
0.0 0.07154873
0.0 0.0068067093
0.0 0.00065213436
0.0 0.00054232375
0.0 0.012051815
0.0 0.008787308
0.0 0.062013723
0.0 0.32768193
0.0 0.00032220728
0.0 0.004242677
0.0 0.05571783
0.0 0.03385201
0.0 0.00277683
0.0 0.00106387
0.0 0.0054620844
0.0 0.003507811
0.0 0.004172269
0.0 0.16323972
1.0 0.00721754
1.0 0.017689962
1.0 0.041790936
0.0 0.0010379476
0.0 0.0012623089
0.0 0.0024986393
0.0 0.012954781
0.0 0.012249234
0.0 0.014992141
0.0 0.015054595
0.0 0.0016348346
0.0 0.0040081604
0.0 0.091906965
0.0 0.007108403
0.0 0.039189108
0.0 0.004452971
0.0 4.9165974e-06
0.0 0.04718095
0.0 0.0058023366
0.0 0.0021087804
0.0 0.02729175
0.0 0.0008322983
0.0 0.0007405624
0.0 0.0036770483
0.0 0.13994667
0.0 0.05856415
0.0 0.012061056
0.0 0.023084097
0.0 0.0026945344
0.0 0.013074661
0.0 0.101349294
0.0 0.003886946
0.0 0.26582003
0.0 0.00926004
0.0 0.027801074
0.0 0.015893126
0.0 0.0005819258
0.0 0.018825782
0.0 0.0023885304
0.0 0.00033121833
0.0 0.0807061
0.0 0.0009448774
0.0 0.00407042
0.0 0.0037798353
0.0 0.0057316786
0.0 0.0035075678
0.0 0.006602548
0.0 0.00089546974
0.0 0.013938686
0.0 0.048815373
0.0 0.0050912052
0.0 0.0005161451
0.0 0.05756026
0.0 0.0006164288
0.0 0.07894483
0.0 0.00053180667
0.0 0.0131875845
0.0 0.12700625
0.0 0.0026392958
0.0 0.001259945
0.0 0.0015177102
0.0 0.043624576
0.0 0.00020617442
0.0 0.0025655644
0.0 0.003404932
0.0 4.9444803e-05
0.0 0.016711943
0.0 0.00012185091
0.0 0.1326566
0.0 0.014444091
0.0 0.0029501796
0.0 0.0048962804
0.0 0.15344588
0.0 0.39234096
0.0 0.0017022297
0.0 0.0033990133
0.0 0.004499255
0.0 0.008224671
0.0 0.046814393
0.0 0.00054575916
0.0 0.04814312
0.0 0.0107550165
0.0 0.025438886
0.0 0.0017145429
0.0 9.1684924e-05
0.0 0.00010213465
0.0 0.0140065625
0.0 0.00019862424
0.0 0.029126279
0.0 0.108654276
0.0 0.0043570646
