0.0 0.035751853
0.0 0.01097555
0.0 0.028003594
0.0 0.016253434
0.0 0.012686487
0.0 0.02601486
0.0 0.0106844595
0.0 0.015139819
0.0 0.007879286
0.0 0.04181276
0.0 0.14457576
0.0 0.017368697
0.0 0.08775749
0.0 0.036952592
0.0 0.007931227
0.0 0.12292211
0.0 0.010195403
0.0 0.073423676
0.0 0.042504415
0.0 0.0042553307
0.0 0.033727415
0.0 0.05934943
0.0 0.0013142339
0.0 0.15237369
0.0 0.0149042215
0.0 0.001465311
0.0 0.0070142993
0.0 0.013433404
0.0 0.10133058
0.0 0.0064657805
0.0 0.0059452355
0.0 0.080710806
0.0 0.0065844143
0.0 0.06328448
0.0 0.0042776177
0.0 0.01099114
0.0 0.023304727
0.0 0.08486371
0.0 0.08510785
0.0 0.009786653
0.0 0.0035049205
0.0 0.0036543144
0.0 0.012907283
0.0 0.013271958
0.0 0.040093817
0.0 0.019551666
0.0 0.012427425
0.0 0.23859625
0.0 0.020716146
0.0 0.020517763
0.0 0.1446562
0.0 0.07803716
0.0 0.14871867
0.0 0.036880117
0.0 0.021702288
0.0 0.044856083
0.0 0.0036409532
0.0 0.009513728
0.0 0.21705341
0.0 0.08217046
0.0 0.2232462
0.0 0.0051965215
0.0 0.013281628
0.0 0.14021471
0.0 0.004757516
0.0 0.0015409412
0.0 0.01996311
0.0 0.018964654
0.0 0.0039750873
1.0 0.07027589
0.0 0.037214648
1.0 0.018945603
0.0 0.017477218
0.0 0.035900578
1.0 0.19888738
1.0 0.034682952
0.0 0.21673068
0.0 0.015288542
0.0 0.0031159073
0.0 0.06649891
0.0 0.010301628
0.0 0.005518347
0.0 0.1640835
0.0 0.546765
0.0 0.03737219
0.0 0.006984385
0.0 0.03084156
0.0 0.11659919
0.0 0.1820182
0.0 0.033887096
0.0 0.0082650175
0.0 0.016258864
0.0 0.0034699915
0.0 0.031989813
0.0 0.007085027
0.0 0.009637885
0.0 0.0040587126
0.0 0.02111801
0.0 0.001607762
0.0 0.013265196
0.0 0.004755123
0.0 0.0072040255
0.0 0.016106531
0.0 0.013819174
0.0 0.01767676
0.0 0.12457637
0.0 0.049447306
0.0 0.037832636
0.0 0.06253459
0.0 0.059483793
0.0 0.009897124
0.0 0.015562973
0.0 0.009024816
0.0 0.0025882525
0.0 0.024518678
0.0 0.05861986
0.0 0.022963576
0.0 0.008166504
0.0 0.10552056
0.0 0.003918842
0.0 0.010907949
0.0 0.01499081
0.0 0.008967011
0.0 0.00138909
0.0 0.014682793
0.0 0.041981794
0.0 0.0279062
0.0 0.0072061233
0.0 0.004518994
0.0 0.057416018
0.0 0.13896409
0.0 0.034883745
0.0 0.017859217
0.0 0.04365193
0.0 0.030717628
0.0 0.0047509433
0.0 0.0111030275
0.0 0.027525032
0.0 0.03490044
0.0 0.065424144
0.0 0.020976214
0.0 0.04870151
0.0 0.0073328684
0.0 0.011364055
0.0 0.0025963045
0.0 0.008559852
0.0 0.027909841
0.0 0.09053079
0.0 0.0040133838
0.0 0.004005561
0.0 0.036620025
0.0 0.0050418032
0.0 0.025434978
0.0 0.032691855
0.0 0.011457126
0.0 0.026263207
0.0 0.00089805323
0.0 0.007831493
0.0 0.0072501125
0.0 0.11479366
0.0 0.046981633
0.0 0.021512743
0.0 0.03229874
0.0 0.0018392211
0.0 0.3847376
0.0 0.076765716
0.0 0.013034898
0.0 0.0504
0.0 0.00068987184
0.0 0.040749867
0.0 0.012726614
0.0 0.0011664168
0.0 0.022057706
0.0 0.011459826
0.0 0.011973463
0.0 0.010088344
0.0 0.004842394
0.0 0.035433263
0.0 0.03386066
0.0 0.0004924848
0.0 0.0045976024
0.0 0.19273978
0.0 0.015716104
0.0 0.020008205
0.0 0.024009667
0.0 0.010175726
0.0 0.14433156
0.0 0.015471228
0.0 0.0066442084
0.0 0.031299576
0.0 0.010308028
0.0 0.004488429
0.0 0.019460296
0.0 0.017125845
0.0 0.22404331
0.0 0.014195175
0.0 0.0023913805
0.0 0.08457091
0.0 0.07722428
0.0 0.018307257
0.0 0.09232193
0.0 0.006294398
0.0 0.020229625
0.0 0.0066290754
0.0 0.15083697
0.0 0.07825374
0.0 0.0010615956
0.0 0.030791182
0.0 0.0647811
0.0 0.015772758
0.0 0.018342426
0.0 0.023059689
0.0 0.04711706
0.0 0.14190619
0.0 0.053254835
0.0 0.028254798
0.0 0.028680319
0.0 0.038914304
0.0 0.055058766
0.0 0.023348145
0.0 0.27456862
0.0 0.06586827
0.0 0.024422484
0.0 0.20848694
0.0 0.13418378
0.0 0.05637915
0.0 0.101386756
0.0 0.049191494
0.0 0.025254283
0.0 0.05732725
0.0 0.5127537
0.0 0.02804898
0.0 0.00074991223
0.0 0.04405883
0.0 0.001067792
0.0 0.06616615
0.0 0.013403829
0.0 0.07609036
0.0 0.0475333
0.0 0.026591416
0.0 0.09663771
0.0 0.025030272
0.0 0.012351128
0.0 0.049924523
0.0 0.05346735
0.0 0.038517494
0.0 0.17526235
0.0 0.00372855
0.0 0.027775194
0.0 0.0065440126
0.0 0.0020008495
0.0 0.06716764
0.0 0.016551197
0.0 0.10872327
0.0 0.09096209
0.0 0.09807045
0.0 0.031497765
0.0 0.004371116
0.0 0.023710962
0.0 0.08283643
0.0 0.012588979
0.0 0.04339187
0.0 0.029836072
0.0 0.006936825
0.0 0.0034122763
0.0 0.00021492073
0.0 0.11067841
0.0 0.0070419856
0.0 0.0022300102
0.0 0.028685877
0.0 0.047809567
0.0 0.04830099
0.0 0.047618918
0.0 0.051596664
0.0 0.027095964
0.0 0.097191684
0.0 0.011730584
0.0 0.0047851605
