0.0 0.0030069207
0.0 0.00091799593
0.0 0.0035349622
0.0 0.0017084235
0.0 0.0019780386
0.0 0.0012491114
0.0 0.0007588089
0.0 0.0015932036
0.0 0.0072471173
0.0 0.0048883134
0.0 0.002118271
0.0 0.00046801544
0.0 0.0021287359
0.0 0.0015031999
0.0 0.0019951607
0.0 0.0025290295
0.0 0.004679072
0.0 0.099483415
0.0 0.022718912
0.0 0.05773312
0.0 0.3476125
0.0 0.008016399
0.0 0.00087345345
0.0 0.058745623
0.0 0.028003257
0.0 0.019410942
0.0 0.035152543
0.0 0.167965
0.0 0.0037293932
0.0 0.01595269
0.0 0.0025319036
0.0 0.0011757716
0.0 0.05590176
0.0 0.004635142
0.0 0.008760854
0.0 0.09772915
0.0 0.001234063
0.0 0.000466887
0.0 0.0016507949
0.0 0.00063993357
0.0 0.0025090277
0.0 0.0039958823
0.0 0.007926685
0.0 0.016385231
0.0 0.0054755057
0.0 0.011045293
0.0 0.036856685
0.0 0.042850748
0.0 0.021029439
0.0 0.00091795303
0.0 0.00027227946
0.0 0.00032691978
0.0 0.0014205255
0.0 0.0014159085
1.0 0.97120506
1.0 0.9926004
1.0 0.99372685
1.0 0.99577147
0.0 0.08978488
0.0 0.0039346577
0.0 0.0060160924
0.0 0.06064984
0.0 0.01690456
0.0 0.005867224
0.0 0.030832382
0.0 0.2667957
0.0 0.0014863774
0.0 0.014891975
0.0 0.01076698
0.0 0.02647432
0.0 0.0026415586
0.0 0.07838268
0.0 0.035441168
0.0 0.27835685
0.0 0.02121257
0.0 0.13251044
0.0 0.00080626574
0.0 0.0009431312
0.0 0.0008412139
0.0 0.0014693952
0.0 0.0051015774
0.0 0.0012924826
0.0 0.016763274
0.0 0.0039629214
0.0 0.005150223
0.0 0.05331361
0.0 0.014656471
0.0 0.013710766
0.0 0.010338271
0.0 0.033912286
0.0 0.027060274
0.0 0.013133477
0.0 0.007121557
0.0 0.047428727
0.0 0.008982979
0.0 0.004332909
0.0 0.005043442
0.0 0.08940853
0.0 0.061854854
0.0 0.00031765018
0.0 0.0003139497
0.0 0.0026535415
0.0 0.0072956746
0.0 0.0058892397
0.0 0.0100293765
0.0 0.037326604
0.0 0.0046025696
0.0 0.00860636
0.0 0.0035752743
0.0 0.0015341706
0.0 0.002439631
1.0 0.97171986
1.0 0.48095867
0.0 0.0072859484
0.0 0.02550776
0.0 0.0004203804
0.0 0.033909965
0.0 0.021399423
0.0 0.04066837
0.0 0.0033475666
0.0 0.025945136
0.0 0.00016678822
0.0 0.021241983
0.0 0.0002630888
0.0 0.10539428
0.0 0.027132995
0.0 0.0053459783
0.0 0.002989045
0.0 0.7850621
0.0 0.0013674593
0.0 0.019178048
0.0 0.021162033
0.0 0.020515472
0.0 0.026760697
0.0 0.069313616
0.0 0.009475512
0.0 0.0010888759
0.0 0.06822482
0.0 0.015712991
0.0 0.0004336385
0.0 0.0012773983
0.0 0.0006007393
0.0 0.0010784366
0.0 0.040553465
0.0 0.021751337
0.0 0.022385621
0.0 0.022011457
0.0 0.0012393933
0.0 0.0013675373
0.0 0.023001323
0.0 0.00017923156
0.0 0.040905546
0.0 4.4588494e-05
0.0 3.722524e-05
0.0 0.0040237657
0.0 0.018941477
0.0 0.01483567
0.0 0.009269677
0.0 0.00024992044
0.0 0.0032256562
0.0 0.0017690125
0.0 0.021079464
0.0 0.0011540487
0.0 0.002421961
0.0 0.016545858
0.0 0.08608297
0.0 0.0006615439
0.0 0.0086203385
0.0 0.8253218
0.0 0.01531501
0.0 0.0009502949
0.0 0.0014952595
0.0 0.04896302
0.0 0.0066493596
0.0 0.04569038
0.0 0.16918743
0.0 0.00054115884
0.0 0.8952435
0.0 0.054988127
0.0 0.0005365576
0.0 0.0042506396
0.0 0.007081794
0.0 0.04043376
0.0 0.007604247
0.0 0.0047606505
0.0 0.010294275
0.0 0.0004077665
0.0 0.008441823
0.0 0.016832868
0.0 0.00089785893
0.0 0.0014280166
0.0 0.0007835982
0.0 0.00033657267
0.0 0.004789834
0.0 0.0071697026
0.0 0.0008130594
0.0 0.006349912
0.0 0.00039424666
0.0 0.0072696675
0.0 0.26956138
0.0 0.0008885593
