0.0 0.0014271955
0.0 0.00031825464
0.0 0.0015608208
0.0 0.0009162696
0.0 0.0010845482
0.0 0.018602906
0.0 0.0001300038
0.0 0.00013472838
0.0 0.009575996
0.0 0.0024878583
0.0 0.00018251655
0.0 0.000329818
0.0 0.0019433738
0.0 0.0030326955
0.0 0.006513603
0.0 0.013143029
0.0 0.0010763874
0.0 0.0018336227
0.0 0.0028295198
0.0 0.0068243877
0.0 0.012215093
0.0 0.0003930469
0.0 0.008161292
0.0 0.0016711202
0.0 0.0065624705
0.0 0.013851861
0.0 0.03540837
0.0 0.049779765
0.0 0.0027164668
0.0 0.033975035
0.0 0.090570144
0.0 0.0064926483
0.0 6.369167e-05
0.0 0.0006273307
0.0 0.013200653
0.0 0.003952827
0.0 0.004708312
0.0 0.0072065666
0.0 0.114469185
0.0 0.13168646
0.0 0.010117647
0.0 0.12763813
0.0 0.045549598
0.0 0.3470392
0.0 0.0887085
0.0 0.053666126
0.0 0.006392396
0.0 0.027575288
0.0 0.00045326064
0.0 0.014800398
0.0 0.02757671
0.0 0.0028050493
0.0 0.041930918
0.0 0.05362535
1.0 0.001623399
0.0 0.0068876706
0.0 0.00028309278
0.0 0.2170435
0.0 0.1568964
0.0 0.017960304
0.0 0.0500911
0.0 0.0033822076
0.0 0.0015014296
0.0 0.007747531
0.0 0.05863758
0.0 0.0013337237
0.0 1.0616194e-05
0.0 0.00030216167
0.0 0.00073813373
0.0 0.1974099
0.0 0.022518562
0.0 0.0104871765
0.0 0.45785198
0.0 0.08746069
0.0 0.12052079
0.0 0.12216185
0.0 0.016858779
0.0 0.020947434
0.0 0.14363842
0.0 0.16019364
0.0 0.44891062
0.0 0.0002859767
0.0 0.0020552159
0.0 0.0008978115
0.0 0.0048605464
0.0 0.006385555
0.0 0.003086608
0.0 0.0017108504
0.0 0.002510791
0.0 0.0019022794
0.0 0.2959626
0.0 0.42458263
0.0 0.01770981
0.0 0.03073609
0.0 0.0020621065
0.0 0.0022308358
0.0 0.0018451175
0.0 0.0005447208
0.0 0.014540949
0.0 0.017930893
0.0 0.00723059
0.0 0.0006347709
0.0 0.061196182
0.0 0.004128567
0.0 0.00013172507
0.0 0.00026121474
0.0 0.00046179336
0.0 0.0043933187
0.0 0.036505103
0.0 0.002676027
1.0 0.9715863
1.0 0.8227411
1.0 0.120875224
0.0 0.008158216
0.0 0.024392774
0.0 0.0022135845
0.0 0.10533701
0.0 0.00065074797
0.0 0.035335835
0.0 0.0009495197
0.0 0.00063627126
0.0 0.00046776034
0.0 0.00028250125
0.0 0.01605058
0.0 0.004714685
0.0 0.02528954
0.0 0.0077527156
0.0 0.00043827592
0.0 0.0060831215
0.0 0.00548827
0.0 0.12411784
0.0 0.04034976
0.0 0.0034837138
0.0 0.0038565507
0.0 0.015311414
0.0 0.016058777
0.0 0.026454026
0.0 0.012768813
0.0 0.058017377
0.0 0.017966479
0.0 0.005289697
0.0 0.029320955
0.0 0.00037755942
0.0 0.0015717063
0.0 0.694346
0.0 0.0020197174
0.0 0.057591453
0.0 0.0102463
0.0 0.043103512
0.0 0.004085242
0.0 0.00010729942
0.0 0.032706216
0.0 0.010422468
0.0 0.00031757145
0.0 0.045600116
0.0 0.0042624404
0.0 0.0008781621
0.0 0.004800991
0.0 0.06867447
0.0 0.009515522
0.0 0.0030597216
0.0 0.018388167
0.0 0.017934201
0.0 0.011581036
0.0 0.002632271
0.0 0.00066765095
0.0 0.012952293
0.0 0.0035610602
0.0 0.00518687
0.0 0.059484508
0.0 0.012993078
0.0 0.047664795
0.0 0.049422648
0.0 0.019523492
0.0 0.00096314354
0.0 0.036230363
0.0 0.0064661847
0.0 0.016155396
0.0 0.00013481447
0.0 0.021458551
0.0 0.00018216656
0.0 0.067814715
0.0 0.017902382
0.0 0.04170286
0.0 0.0033295422
0.0 0.0055555673
0.0 4.975276e-05
0.0 0.0019624683
0.0 0.26176646
0.0 0.033927795
0.0 0.22363104
0.0 0.018220942
0.0 0.03471808
0.0 0.3035876
0.0 0.007724581
0.0 0.07559905
0.0 0.008023109
0.0 0.3014413
0.0 0.0005582769
0.0 0.019933132
0.0 0.031670354
