0.0 0.007432959
0.0 0.0019704162
0.0 0.00018392464
0.0 0.004538221
0.0 0.028652737
0.0 0.002614389
0.0 0.0037821322
0.0 0.38441738
0.0 0.0040828567
0.0 0.00028285483
0.0 0.00064814126
0.0 0.01219067
0.0 0.020734461
0.0 0.008372311
0.0 0.095752396
0.0 0.026581557
0.0 0.046134103
0.0 0.20586598
0.0 0.03286728
0.0 0.004294133
0.0 0.13547173
0.0 0.06671933
0.0 0.029058479
0.0 0.028148063
0.0 0.010126291
0.0 0.0075177294
0.0 0.018116085
0.0 0.062511496
0.0 0.0058231475
0.0 0.002160809
0.0 0.0034311377
0.0 0.0021294532
0.0 0.029397255
0.0 0.0046821535
0.0 0.03692293
0.0 0.0028471749
0.0 0.017211003
0.0 0.088995785
0.0 0.07543319
0.0 0.061609995
0.0 0.04835609
0.0 0.07871587
0.0 0.07635753
0.0 0.10915751
0.0 0.023947654
0.0 0.00024891715
0.0 0.01920034
0.0 0.027384512
0.0 0.06635013
0.0 0.022615684
0.0 0.013206121
0.0 0.4879384
0.0 0.13182968
0.0 0.09204075
0.0 0.38388756
0.0 0.005675481
0.0 0.002002628
0.0 0.011909578
0.0 0.0019138578
0.0 0.0029495473
0.0 0.0034329516
0.0 0.032809813
0.0 0.07094173
0.0 0.00016561092
0.0 0.0055428394
0.0 0.033176925
0.0 0.09549863
0.0 0.29574457
0.0 0.38892856
0.0 0.13042437
0.0 0.25074968
0.0 0.0009214275
0.0 0.011072385
0.0 0.0021978961
0.0 0.0037384948
0.0 0.028832227
0.0 0.027852131
0.0 0.0037354736
0.0 0.0025424324
0.0 0.0773914
0.0 0.00053205685
0.0 0.0062615774
0.0 0.007344717
1.0 0.0018663318
1.0 0.019450637
0.0 0.12110251
0.0 0.04544113
0.0 0.17922802
0.0 0.0019358625
0.0 0.12251085
0.0 0.07019332
0.0 0.022819664
0.0 0.027700294
0.0 0.00022812463
0.0 6.0337235e-05
0.0 0.0030946028
0.0 0.00033964968
0.0 0.0006657366
0.0 0.00847954
0.0 0.0023030164
0.0 0.0014291396
0.0 0.0010694956
0.0 0.00040881286
0.0 0.0013709813
0.0 0.0070855445
0.0 0.00024847232
0.0 0.0031930583
0.0 0.0018863964
0.0 0.00579414
0.0 0.0055011967
0.0 0.0017923027
1.0 0.005199912
1.0 0.37998587
1.0 0.9474315
0.0 0.0018285365
0.0 0.036651414
0.0 0.00045535518
0.0 0.0013456682
0.0 0.023800239
0.0 0.0009830948
0.0 0.005755516
0.0 0.017068062
0.0 0.00028498407
0.0 0.009326929
0.0 0.0016883598
0.0 0.015015552
0.0 0.0038626592
0.0 0.02307607
0.0 0.00036849792
0.0 0.011929369
0.0 0.014304971
0.0 0.0023759652
0.0 0.026561428
0.0 0.0044292547
0.0 0.0037230153
0.0 0.037623014
0.0 0.00057236326
0.0 7.4832096e-05
0.0 0.039149564
0.0 1.0632355e-05
0.0 0.006489115
0.0 0.009411176
0.0 0.027168658
0.0 0.21088862
0.0 0.13275725
0.0 0.0025321348
0.0 0.27057505
0.0 0.0002622833
0.0 0.06896362
0.0 0.0015742368
0.0 7.839998e-05
0.0 0.082019255
0.0 0.0011149059
0.0 0.009702211
0.0 0.9765746
0.0 0.004685397
0.0 0.006997838
0.0 0.012200355
0.0 0.00010444125
0.0 0.18834026
0.0 0.009235347
0.0 0.0005192504
0.0 0.23107632
0.0 0.02591035
0.0 0.035003044
0.0 0.004066038
0.0 0.0015195026
0.0 0.0006745819
0.0 0.301117
0.0 0.001454011
0.0 0.0051392308
0.0 0.0034120607
0.0 0.015845971
0.0 0.025973499
0.0 0.008167135
0.0 0.0024887933
0.0 0.0010011432
0.0 0.07355245
0.0 0.040518597
0.0 0.011278275
0.0 0.025141194
0.0 0.0029022275
0.0 0.029344708
0.0 8.529207e-05
0.0 0.0002352587
0.0 0.0027862738
0.0 0.019261606
0.0 0.010979826
0.0 0.011569137
0.0 0.006532905
0.0 0.00082254974
0.0 0.0032680612
0.0 0.0468718
0.0 0.0001677578
0.0 0.017027
0.0 0.001360023
0.0 0.0012884063
0.0 0.01737695
0.0 0.02350941
0.0 0.011193199
0.0 0.014091848
