0.0 0.27466097
0.0 0.27346617
0.0 0.29699886
0.0 0.31170285
0.0 0.34202346
0.0 0.30524102
0.0 0.3146715
0.0 0.27176487
0.0 0.27366725
0.0 0.2827008
0.0 0.27415642
0.0 0.28452432
0.0 0.27118143
0.0 0.28963456
0.0 0.30991104
0.0 0.33615637
0.0 0.28771272
0.0 0.2962161
0.0 0.27231672
0.0 0.30286363
0.0 0.2696532
0.0 0.27106476
0.0 0.27311543
0.0 0.29513627
0.0 0.27026758
0.0 0.30576265
0.0 0.3612159
0.0 0.27021077
0.0 0.31841648
0.0 0.29338247
0.0 0.27069953
0.0 0.27200723
0.0 0.2723894
0.0 0.27184206
0.0 0.28374442
0.0 0.27679792
0.0 0.2705072
0.0 0.2732911
0.0 0.3392549
0.0 0.34435955
0.0 0.32358766
0.0 0.29358384
0.0 0.32172576
0.0 0.28388616
0.0 0.29812098
0.0 0.27845833
0.0 0.2762486
0.0 0.29328287
0.0 0.2728529
0.0 0.27068213
0.0 0.29546708
0.0 0.28015915
0.0 0.30019447
0.0 0.2908837
0.0 0.27719638
0.0 0.2939692
0.0 0.35795456
0.0 0.366358
0.0 0.3472802
0.0 0.33729744
0.0 0.32628533
0.0 0.2920886
0.0 0.3509449
0.0 0.29590127
0.0 0.2776552
0.0 0.27512836
0.0 0.33858514
0.0 0.286183
0.0 0.32521874
0.0 0.27797472
0.0 0.27467817
0.0 0.47089386
0.0 0.2821956
0.0 0.2797421
0.0 0.27620822
0.0 0.31178603
0.0 0.33305344
0.0 0.28195804
0.0 0.27078146
0.0 0.27219644
0.0 0.2729948
0.0 0.2755472
0.0 0.27696624
0.0 0.2746383
1.0 0.7067281
1.0 0.7016603
0.0 0.27205333
0.0 0.2759426
0.0 0.34102488
0.0 0.30151019
0.0 0.2693451
0.0 0.2694811
0.0 0.28645566
0.0 0.28099695
0.0 0.3317829
0.0 0.28213865
0.0 0.27294388
0.0 0.27579245
0.0 0.60788494
0.0 0.57730246
0.0 0.26897734
0.0 0.26895466
0.0 0.27181002
0.0 0.26997864
0.0 0.2772294
0.0 0.2737632
0.0 0.27372724
0.0 0.27614218
0.0 0.27414826
0.0 0.2783828
0.0 0.31121677
0.0 0.33806446
1.0 0.7283992
1.0 0.59466606
0.0 0.29399896
0.0 0.29326317
0.0 0.33805886
0.0 0.2915802
0.0 0.2969783
0.0 0.28317863
0.0 0.272006
0.0 0.26940843
0.0 0.28849998
0.0 0.27067325
0.0 0.2808991
0.0 0.27173656
0.0 0.31274816
0.0 0.2743512
0.0 0.29443726
0.0 0.35344577
0.0 0.2695236
0.0 0.27830976
0.0 0.26966044
0.0 0.27460426
0.0 0.27848572
0.0 0.27153063
0.0 0.28157103
0.0 0.30391496
0.0 0.2717572
0.0 0.2703381
0.0 0.2789044
0.0 0.27267992
0.0 0.26962298
0.0 0.26970124
0.0 0.2743172
0.0 0.27913386
0.0 0.32143065
0.0 0.30639598
0.0 0.28613743
0.0 0.30321047
0.0 0.32542616
0.0 0.3373512
0.0 0.36276984
0.0 0.2703663
0.0 0.2917197
0.0 0.2906069
0.0 0.29130524
0.0 0.3504219
0.0 0.27498966
0.0 0.27512485
0.0 0.269559
0.0 0.27728862
0.0 0.28048626
0.0 0.2785006
0.0 0.34287694
0.0 0.2744819
0.0 0.27602643
0.0 0.27133784
0.0 0.28038007
0.0 0.27692637
0.0 0.28248763
0.0 0.27068588
0.0 0.27687508
0.0 0.27206504
0.0 0.6018069
0.0 0.2804678
0.0 0.27554977
0.0 0.2759855
0.0 0.3133442
0.0 0.27171218
0.0 0.28670913
0.0 0.2741647
0.0 0.29692796
0.0 0.67451805
0.0 0.30382735
0.0 0.2758939
0.0 0.28747323
0.0 0.27119085
0.0 0.29244354
0.0 0.27228677
0.0 0.28576314
0.0 0.29799238
0.0 0.27022618
0.0 0.27352008
0.0 0.28808624
0.0 0.27141428
0.0 0.27004993
0.0 0.27161783
0.0 0.28069437
0.0 0.28347108
0.0 0.30899104
