0.10904612
0.040226065
0.015348153
0.009115756
0.031413056
0.02485598
0.06572683
0.0752347
0.081904925
0.033758145
0.008443355
0.040095046
0.05689403
0.042082403
0.017989734
0.049046807
0.0057801344
0.02346291
0.045381222
0.109969646
0.04838681
0.009132634
0.050333414
0.031790398
0.016702706
0.011127253
0.052768577
0.023806166
0.03651463
0.015271572
0.06563413
0.034770247
0.083165966
0.019391755
0.017671883
0.040781017
0.07406158
0.038869813
0.052372266
0.039599296
0.028711254
0.01813331
0.03899057
0.07428921
0.009217632
0.0046074414
0.002315612
0.014646626
0.030805048
0.011646648
0.022541191
0.032841817
0.007824972
0.0049439096
0.0046202987
0.017978227
0.009215925
0.0018088802
0.006664378
0.022866974
0.01224609
0.01289574
0.011197491
0.016055454
0.0012896053
0.007253553
0.005624288
0.027023382
0.0693249
0.069867186
0.011743538
0.005824453
0.018488752
0.011363455
0.00015797536
0.0712
0.0016800729
0.05519914
0.013837316
0.081127994
0.039758734
0.014732116
0.045097392
0.007114817
0.00819964
0.054627143
0.035017647
0.03769096
0.01883497
0.018441675
0.006687977
0.12562013
0.059225246
0.09877758
0.021676335
0.0066528595
0.0059680827
0.05295926
0.03541876
0.12657107
0.2954859
0.0038345067
0.02206493
0.0979481
0.08255113
0.05190681
0.014641211
0.03143779
0.021424951
0.022729045
0.21887338
0.045044575
0.08466722
0.11268177
0.004347589
0.009311706
0.017252695
0.031205606
0.05938937
0.05096292
0.022238804
0.009298536
0.019013362
0.16420774
0.045657862
0.100393355
0.012927298
0.00024249997
0.132733
0.021864729
0.012754978
0.08948576
0.0057447776
0.005112885
0.013259044
0.16196905
0.16336142
0.0408324
0.074574895
0.0135701895
0.04618304
0.16462176
0.017606104
0.35072595
0.047400936
0.062746026
0.073488295
0.0032787197
0.04224896
0.01303704
0.0029584034
0.11530071
0.004316995
0.014164308
0.014939653
0.019932924
0.021711644
0.026876781
0.0056054364
0.051066246
0.03267131
0.027613891
0.006921187
0.18507703
0.005398068
0.15190421
0.005755928
0.08339166
0.321563
0.017812906
0.010953479
0.014254578
0.10657892
0.0015547127
0.015917704
0.01933975
0.001208659
0.050456613
0.0016846651
0.32389432
0.058539614
0.02194871
0.009530567
0.32555538
0.38289627
0.008711009
0.016041681
0.0247036
0.034113903
0.13876584
0.0076002097
0.093824066
0.036733873
0.06710575
0.007887938
0.0017697478
0.0014552833
0.047155354
0.0037744415
0.14016329
0.21890958
0.01642414
