0.013676118
0.010043683
0.07154702
0.09357802
0.17804252
0.09384357
0.1217199
0.008117719
0.013714146
0.035649292
0.012019699
0.037708882
0.005601799
0.04663374
0.11085109
0.17708078
0.04419663
0.08864393
0.010659729
0.078815095
0.0019705617
0.0054306714
0.0125240395
0.06023398
0.0044846553
0.08951364
0.20029359
0.0038128998
0.14461617
0.055212643
0.004539552
0.010170801
0.010641185
0.009502147
0.038637403
0.01854492
0.0043377005
0.014556187
0.19487384
0.17746277
0.14310502
0.06767809
0.14002414
0.04011595
0.07297524
0.021066291
0.01609465
0.05534993
0.008784123
0.004397818
0.059272517
0.030819086
0.07735644
0.056904152
0.024216939
0.06902762
0.20696138
0.22952278
0.18915577
0.16180423
0.13535406
0.06455658
0.19849339
0.06450445
0.019955317
0.015388242
0.1690522
0.039799158
0.12708008
0.02299241
0.017312974
0.4267747
0.03619779
0.025893249
0.020329447
0.1192215
0.17423728
0.033049554
0.0055014077
0.009373943
0.011536075
0.018519906
0.023798212
0.0132704275
0.9382496
0.92927116
0.0082433615
0.018031266
0.16124213
0.08372958
0.00082000945
0.0010258431
0.05091215
0.029928487
0.16725409
0.03839703
0.01133014
0.018536378
0.70056695
0.607847
8.0985636e-05
2.929642e-05
0.007915825
0.0028524392
0.02082909
0.0124269575
0.013877998
0.021550516
0.012620831
0.024895962
0.110726364
0.15502118
0.9913169
0.6804609
0.06227386
0.06706779
0.17455915
0.050118104
0.069560826
0.037741087
0.007410632
0.0012671755
0.061854314
0.005005751
0.034374695
0.00701141
0.11182068
0.013583638
0.06716301
0.17033094
0.00114853
0.028047938
0.001898225
0.018167134
0.02376057
0.006183055
0.03792446
0.096494816
0.008660379
0.0045901476
0.022197204
0.0090315435
0.0015922885
0.0018753123
0.012354909
0.03086504
0.10557741
0.106284946
0.04849364
0.08330858
0.1388812
0.18787399
0.20524009
0.0036919427
0.05132721
0.055794273
0.06895
0.22202678
0.016772015
0.017422458
0.0016736455
0.020004831
0.033345737
0.028505038
0.19197948
0.014176377
0.02032019
0.007664939
0.0323879
0.019898808
0.03763792
0.0055137197
0.018799342
0.010089201
0.6891341
0.033918206
0.016811613
0.019286117
0.11677252
0.007527797
0.042509675
0.015656842
0.072890215
0.8558409
0.08484341
0.017518468
0.046007156
0.005480379
0.0694297
0.009912963
0.04713081
0.05684019
0.003795247
0.011211352
0.05563264
0.00770741
0.002898737
0.008081077
0.037854947
0.03237721
0.105741985
