0.07149275
0.43999007
0.15509303
0.26037347
0.40640914
0.41820621
0.25130868
0.20126307
0.07030491
0.13869107
0.09112863
0.019517323
0.018230742
0.071311295
0.44213986
0.37337795
0.313272
0.33175766
0.22994266
0.04264613
0.26517436
0.3613507
0.12739713
0.20852438
0.48661235
0.13804007
0.10437765
0.12848848
0.072176054
0.12491783
0.200857
0.06344575
0.38432628
0.085784525
0.15324047
0.2300329
0.18313277
0.050301947
0.30955058
0.15124874
0.12505506
0.24216801
0.1350087
0.056998216
0.42282063
0.14038855
0.24154943
0.14405617
0.07833767
0.31408963
0.21040913
0.17890106
0.017611053
0.1419559
0.035360064
0.09947863
0.12864304
0.15258598
0.1413181
0.2951402
0.5850986
0.4300983
0.23341028
0.10724612
0.19697312
0.16801661
0.27152747
0.28807572
0.10231353
0.20968875
0.11877741
0.31065768
0.3019589
0.051761612
0.28704968
0.17492388
0.27051696
0.31739262
0.09286122
0.3260899
0.20562285
0.34808815
0.23489913
0.46028715
0.30901578
0.12345061
0.031449173
0.18749455
0.38054702
0.24876776
0.5146403
0.18130784
0.22064386
0.16625138
0.11477611
0.06866183
0.16752045
0.10605611
0.29552987
0.0385424
0.1789101
0.16871078
0.1316834
0.29979387
0.17884935
0.13065325
0.28290045
0.10275176
0.23212342
0.30631793
0.15280508
0.34085816
0.15171292
0.07241864
0.27969816
0.13921556
0.20006056
0.16967222
0.20454584
0.22534184
0.3214331
0.3387497
0.41412818
0.43569857
0.04012729
0.08708731
0.31003782
0.055030182
0.11255342
0.23392963
0.21663982
0.08130223
0.44930285
0.32727963
0.21448715
0.36568126
0.042029653
0.44077557
0.48279402
0.40512523
0.59718794
0.089345135
0.37337795
0.3787312
0.14222176
0.19462697
0.37890986
0.5133516
0.087376766
0.35922465
0.111006364
0.12213251
0.58879197
0.1819704
0.17161492
0.12578787
0.32730302
0.07347126
0.4402967
0.4934519
0.1426746
0.047987666
0.13455728
0.12889235
0.36783376
0.21897767
0.1849323
0.11925311
0.22163115
0.21688256
0.14723177
0.21758199
0.40866438
0.12592946
0.13628191
0.0640924
0.048525807
0.29952455
0.45749
0.15709534
0.10768464
0.17861979
0.13887382
0.23542264
0.1024455
0.3268889
0.24055144
0.2969124
0.23212342
0.1861412
0.4901091
0.12505506
0.21784686
0.13690235
0.47185394
0.112904996
0.5918423
0.3202052
0.2564211
0.09300562
0.29439038
0.06647219
0.3433051
0.50963974
0.30112746
0.35748455
0.18257529
0.16460113
