0.023499766
0.09706764
0.0731854
0.07731347
0.069224894
0.081162654
0.035748366
0.12746723
0.042890783
0.08488569
0.27122706
0.09172297
0.1459454
0.088508144
0.025987413
0.12446842
0.06453592
0.13085443
0.083451554
0.057297155
0.1098472
0.1267175
0.038036574
0.20309086
0.05017774
0.010048203
0.091532685
0.02146089
0.19616954
0.04195231
0.03523678
0.07070371
0.03647536
0.1333607
0.03711723
0.041496586
0.06989133
0.16191472
0.21284188
0.091288276
0.059297964
0.059096746
0.15543514
0.06922103
0.1405481
0.01889329
0.040337168
0.40744665
0.07289923
0.05343868
0.20067428
0.13500825
0.1992333
0.122282945
0.1325146
0.13556787
0.037166074
0.023767732
0.4110925
0.21772668
0.3021816
0.02150657
0.07133265
0.21978067
0.047812317
0.013229169
0.09485605
0.11035161
0.03379174
0.09489691
0.24872077
0.10409336
0.056563262
0.08213497
0.37652037
0.07017664
0.33563206
0.18137969
0.036244985
0.12118619
0.03573927
0.021917215
0.20206517
0.60984856
0.09330439
0.045156896
0.023504632
0.21544173
0.340745
0.09697669
0.09035447
0.06504085
0.036624696
0.075944036
0.03252312
0.04378712
0.028169341
0.09108996
0.023968149
0.04237766
0.046632305
0.0350572
0.052297335
0.039488487
0.057361744
0.038543932
0.11047799
0.09699097
0.14499733
0.15207995
0.022431692
0.055723537
0.053934667
0.03992299
0.15724283
0.10827352
0.08378809
0.046912655
0.14568731
0.024195531
0.030790152
0.04028633
0.05927684
0.01478897
0.047721285
0.0955114
0.055807408
0.034961343
0.03073326
0.17464577
0.08034806
0.07380847
0.07737253
0.08981884
0.08156818
0.035306834
0.11862875
0.061488453
0.08921746
0.15052232
0.16636452
0.12651761
0.05152674
0.077169314
0.03089814
0.059934836
0.10375104
0.1691317
0.03724129
0.029174536
0.097667776
0.024380261
0.07460641
0.10325777
0.066611335
0.08645267
0.017394595
0.029362597
0.028412584
0.1736602
0.119642384
0.06216478
0.081885524
0.02602362
0.44211283
0.050059356
0.04971913
0.11386028
0.0066729886
0.11430316
0.05416651
0.012845281
0.103131376
0.039637588
0.06941918
0.07383855
0.03709609
0.10772291
0.075586826
0.007970809
0.026405955
0.30188474
0.061617423
0.06393439
0.06280522
0.05556599
0.2761438
0.051715106
0.04671778
0.119995184
0.06987158
0.04498595
0.107785285
0.064825565
0.3245487
0.037771795
0.022341518
0.1336858
0.23449898
0.07092751
0.18326403
0.038736966
0.10068782
0.043308035
0.20032462
0.12043648
0.04263771
0.05879901
0.12280199
0.073382944
0.0203033
0.0541089
0.14877039
0.24662495
0.14933658
0.07452058
0.076989025
0.18136413
0.12761727
0.14773397
0.37863225
0.16691168
0.063449934
0.27123278
0.20100385
0.1502066
0.19938332
0.11725021
0.102568544
0.16831526
0.5816543
0.09632507
0.02616832
0.10156455
0.011089753
0.21890153
0.05754406
0.13193898
0.07876647
0.09686256
0.19918984
0.100812204
0.04111597
0.12796904
0.1693258
0.2062508
0.2503662
0.052995674
0.08526832
0.033525933
0.011051503
0.11943126
0.08943328
0.29329613
0.20615943
0.17133856
0.14929354
0.020143643
0.13103452
0.15417276
0.06599716
0.14477724
0.117329
0.03403479
0.0384598
0.006722371
0.17263912
0.064019874
0.033705447
0.07149785
0.101182364
0.09053462
0.12747674
0.13503222
0.09790258
0.21091832
0.053798113
0.02455671
