0.012294653
0.0049401624
0.012418123
0.012746988
0.012851607
0.07511205
0.0029145053
0.0030441876
0.047034085
0.019271435
0.0031647303
0.0051595108
0.015148262
0.013866399
0.040697105
0.05821005
0.005953072
0.01586271
0.027261963
0.043246876
0.042330787
0.003434092
0.053252466
0.020277176
0.033025805
0.03406941
0.052639198
0.11282445
0.016177997
0.06457644
0.09759275
0.024865776
0.0009486828
0.0048378236
0.03210166
0.0209076
0.022779055
0.029626576
0.2060708
0.14082755
0.031136561
0.19082996
0.07958235
0.14262144
0.1203274
0.13408732
0.021203686
0.05096275
0.0021022342
0.045420945
0.13069661
0.023524258
0.13684542
0.11519384
0.0050015347
0.015805917
0.003674378
0.3031772
0.3044653
0.029723361
0.079051584
0.019812426
0.014801211
0.030206462
0.07709628
0.0041963975
0.00031037873
0.003499231
0.008173765
0.22305918
0.048330456
0.052066647
0.19120722
0.0703956
0.13787538
0.10426729
0.03509901
0.05091563
0.2238993
0.24488002
0.51103723
0.0044806316
0.014979
0.0086704055
0.012051276
0.012819501
0.0021144352
0.0015093287
0.011051942
0.009525239
0.2126992
0.29840258
0.073246926
0.111686945
0.01940748
0.018130599
0.012773515
0.013882449
0.041991394
0.033686608
0.015115395
0.0030156807
0.20431897
0.030122284
0.0012493554
0.0032070929
0.004402769
0.03568461
0.05377596
0.006476557
0.95461136
0.738388
0.21412586
0.03275233
0.051856708
0.015840305
0.1780864
0.0045039887
0.019907877
0.013077281
0.0055099586
0.003115484
0.0051270747
0.07076898
0.011477115
0.11408809
0.03779086
0.001385885
0.050623797
0.019878326
0.26088622
0.086036086
0.017702695
0.0107365195
0.09119902
0.06285406
0.05683344
0.058110766
0.09794719
0.04451935
0.013531544
0.026705476
0.0066255406
0.007225816
0.6385023
0.014746782
0.055937782
0.03829662
0.10155529
0.010154544
0.0017791104
0.058425877
0.036402106
0.0027752644
0.14332281
0.03308983
0.0040641464
0.039628122
0.14662288
0.03455078
0.02580476
0.016923511
0.019042565
0.055511385
0.008375193
0.006500284
0.046393257
0.012848414
0.041625347
0.015004089
0.023908913
0.07492375
0.15609121
0.059088178
0.0053442367
0.101329796
0.03553446
0.029331395
0.002165793
0.1388074
0.0020800084
0.05216743
0.041239962
0.16079727
0.016695322
0.016697021
0.0009044278
0.0075173057
0.24063413
0.05821333
0.13543919
0.09517402
0.0045624436
0.25846016
0.024799798
0.21422459
0.0541265
0.4493948
0.0029319532
0.027331801
0.040458206
