0.03321304
0.014813802
0.0019472324
0.021158215
0.10618379
0.019363362
0.021707026
0.47586516
0.005112123
0.0011221322
0.0027945056
0.040577795
0.031126885
0.038356494
0.18881576
0.05693675
0.039049197
0.041730896
0.06827797
0.0073177232
0.16343477
0.09206407
0.089908525
0.0965275
0.024839627
0.02574484
0.050748944
0.14568238
0.024662832
0.017578876
0.012050464
0.005370971
0.099684216
0.011631459
0.140871
0.021951135
0.049605675
0.08663165
0.16470003
0.12830032
0.08898697
0.06805699
0.12048922
0.08071266
0.03875121
0.0024854844
0.08542891
0.035798278
0.123302594
0.060972683
0.036413923
0.54836416
0.40822184
0.1791189
0.44175357
0.0331
0.010989559
0.0366537
0.01114395
0.012118765
0.013901476
0.039979074
0.058192965
0.0014856013
0.03162718
0.1085703
0.1363399
0.22266315
0.28895062
0.13365105
0.20616592
0.005671465
0.018378584
0.005867054
0.02347098
0.084373906
0.14512365
0.014280854
0.009281491
0.21318099
0.009109784
0.06136443
0.04674714
0.025378458
0.12294341
0.06592671
0.025733791
0.39322066
0.022902636
0.33572635
0.17031579
0.03345141
0.083320074
0.0022809252
0.00088682416
0.017354282
0.0069432366
0.004563811
0.024699872
0.0060985275
0.0027298592
0.0035584827
0.002126112
0.003635971
0.010998384
0.0060129566
0.004416019
0.008667767
0.016371489
0.019376053
0.009015409
0.009635545
0.3267282
0.9154099
0.0077853166
0.020751731
0.0020938085
0.007697632
0.17811638
0.012520371
0.011624674
0.01864706
0.0025237147
0.06117703
0.007729981
0.08143074
0.030705458
0.066452324
0.007497051
0.04554712
0.0049173515
0.021113353
0.09311307
0.056855798
0.016878067
0.096367784
0.008477717
0.0005042965
0.06278174
0.0002111275
0.023135662
0.030609181
0.06684074
0.19384888
0.28382215
0.008186876
0.11863459
0.0020739469
0.15242113
0.0098995315
0.0005286963
0.19161534
0.014622456
0.05756444
0.9599307
0.01971681
0.025495023
0.048061408
0.00012258957
0.18155895
0.024771778
0.009927571
0.246256
0.041394085
0.11734827
0.01860294
0.011876578
0.0007394306
0.45893532
0.017458722
0.025563003
0.005636828
0.049190123
0.063685074
0.009437208
0.007433669
0.006400354
0.09343146
0.092669375
0.13922386
0.110185325
0.03864749
0.15105705
0.004157977
0.001759162
0.0021772191
0.063527994
0.0380586
0.01151308
0.043083478
0.008268723
0.059138894
0.077947594
0.004805297
0.033557232
0.010850276
0.0034906636
0.02213128
0.14004998
0.08496849
0.0499975
