0.015996292
0.0069177006
0.016441667
0.008751351
0.008892949
0.0064955703
0.0054999446
0.009995322
0.028264653
0.01905405
0.011709994
0.0043495498
0.010560922
0.008247994
0.010995345
0.014517864
0.030392615
0.09366221
0.09860868
0.1423663
0.44475397
0.02096471
0.007401711
0.14447854
0.032474738
0.06501648
0.11128708
0.199648
0.01285865
0.07503935
0.011305783
0.009665382
0.04926653
0.040458884
0.020095717
0.15694469
0.004976321
0.0045734257
0.0071023675
0.0034058755
0.01393241
0.011305852
0.019921847
0.030465756
0.02045228
0.049426414
0.09609689
0.10849507
0.054612115
0.007913575
0.0041512554
0.004408353
0.013777244
0.0105987685
0.9256096
0.98325956
0.9867842
0.98714244
0.12965451
0.010178066
0.02168867
0.062492147
0.047963873
0.035173006
0.13886389
0.3976413
0.010719795
0.046994627
0.043999147
0.023961907
0.018877722
0.09336825
0.10127718
0.40427244
0.07388506
0.21039861
0.004007959
0.0045853285
0.005533907
0.0048936023
0.022916455
0.009465435
0.052023254
0.018965159
0.021516768
0.14302932
0.048766654
0.05698032
0.041091096
0.11888033
0.07248383
0.08590083
0.0783554
0.08460731
0.026771586
0.013194505
0.009521942
0.103793815
0.08063803
0.0021260837
0.0022108573
0.01284891
0.022758042
0.0361624
0.04439369
0.058937915
0.017790737
0.045931958
0.024881963
0.010038726
0.011143015
0.9183875
0.018136295
0.03334617
0.059719894
0.0019594128
0.086932644
0.09282441
0.07443407
0.009743421
0.07572559
0.0036188336
0.07402668
0.005711136
0.22369301
0.07743134
0.013752315
0.008479003
0.6909491
0.009862356
0.026383614
0.09497472
0.025587603
0.06802346
0.12098346
0.102146894
0.01580137
0.13779338
0.040242188
0.0028998468
0.011187654
0.0077732364
0.010502616
0.08589038
0.06026339
0.04701917
0.07653543
0.006670615
0.010028141
0.06929862
0.00319321
0.061162412
0.0010756832
0.0011220115
0.02365202
0.048953727
0.04912825
0.0331443
0.003209075
0.025586033
0.006831366
0.032217935
0.008483086
0.013232139
0.05211553
0.16861375
0.0049761203
0.06741931
0.81191003
0.12955698
0.013142188
0.010504767
0.097707585
0.03187692
0.12284056
0.3257003
0.008028052
0.14118944
0.15459254
0.0046433182
0.025354892
0.02414221
0.08711895
0.050012846
0.027666518
0.037468914
0.0030168893
0.039567053
0.04233255
0.0088556595
0.014410867
0.012837078
0.0034051603
0.02825294
0.02963178
0.0057293857
0.030822337
0.00979221
0.018780828
0.008950804
0.0041673244
