0.063237585
0.0892008
0.23471035
0.011156006
0.15719226
0.04945662
0.008692389
0.022337096
0.13518031
0.05047501
0.06657609
0.035581164
0.054065716
0.06856737
0.15491937
0.15893088
0.46653986
0.21958175
0.4845254
0.20772634
0.16541982
0.019254522
0.26546946
0.4600988
0.2759135
0.011037338
0.12931511
0.06862967
0.03641272
0.15550627
0.037530024
0.057626724
0.06977985
0.08074152
0.06615618
0.04527465
0.018072229
0.015449425
0.35864955
0.02182024
0.04819456
0.08811367
0.00976009
0.007834514
0.011106993
0.006227587
0.0030703011
0.008428952
0.017519912
0.1270881
0.005490274
0.094009876
0.048030872
0.005217794
0.013399675
0.010706993
0.019320026
0.009180715
0.03480736
0.020428205
0.00958442
0.016133977
0.016080989
0.022463858
0.028690264
0.081314646
0.042838488
0.074782856
0.08484678
0.08120941
0.055143334
0.270014
0.39220464
0.268166
0.031308506
0.07350704
0.15835787
0.046385355
0.065248646
0.023629524
0.003802104
0.0044810763
0.021327505
0.026815416
0.019669857
0.0681727
0.08900348
0.05233259
0.027394993
0.06050085
0.60733044
0.034270614
0.03762264
0.0068071513
0.008358588
0.0067346664
0.003784616
0.68160844
0.30724293
0.035189632
0.026880518
0.003834044
0.01529593
0.018053396
0.026276575
0.09011952
0.09444534
0.16885325
0.030985981
0.09925591
0.09290845
0.13058716
0.9369908
0.010752551
0.005183697
0.09225756
0.023195352
0.007054537
0.007968585
0.3891352
0.00246233
0.023393326
0.034743924
0.08548514
0.009266604
0.052895125
0.030137826
0.060074184
0.19213648
0.0042938413
0.030873436
0.012546686
0.008513021
0.001686786
0.29711595
0.24939
0.043180123
0.009745464
0.053836152
0.026159262
0.008080361
0.037672043
0.02052091
0.006517202
0.33681253
0.18331464
0.06869556
0.083657354
0.025845343
0.00094238477
0.0021588267
0.12426326
0.0025763505
0.025412252
0.001067731
0.066679716
0.011879371
0.010410618
0.0103603555
0.003863191
0.107931934
0.007182303
0.025540642
0.061470423
0.0022965162
0.009320795
0.076327115
0.000848417
0.0013435673
0.027551241
0.011917353
0.015255655
0.13833918
0.168467
0.072603405
0.011552316
0.011629967
0.0020598264
0.0154246595
0.0015567873
0.18641987
0.052919887
0.009575761
0.11913974
0.18733297
0.0014578626
0.10288573
0.47721145
0.0016058803
0.04169254
0.21532515
0.0042360825
0.013454951
0.0013694565
0.0064340835
0.011840572
0.035849568
0.0021232956
0.0011603996
0.015938982
0.10323082
