0.007561405
0.0014914228
0.0041115163
0.008959526
0.00104525
0.012040716
0.0040648854
0.012838245
0.0031654255
0.0025928407
0.009042172
0.0033164553
0.0035433688
0.005436196
0.0019620871
0.065035805
0.017536484
0.007878879
0.003112473
0.002442722
0.0014173789
0.0039861454
0.011025336
0.0024284811
0.0077129332
0.03077478
0.023250418
0.015925713
0.02437611
0.075897485
0.05013855
0.030709907
0.022275694
0.003513249
0.009830655
0.005133775
0.0041728253
0.005770165
0.000924032
0.0013655066
0.0047474476
0.0034737892
0.0025147446
0.0025635944
0.0043673827
0.012487936
0.013082612
0.96892303
0.9547263
0.98911756
0.8685785
0.7855722
0.03619608
0.033026658
0.046242256
0.049667425
0.01779251
0.011258236
0.0119589465
0.1867586
0.035326995
0.031067405
0.008708844
0.014521017
0.005114008
0.035971
0.24512497
0.2091195
0.2803889
0.10559201
0.039812233
0.049110565
0.1554579
0.0054614577
0.0061606774
0.012936506
0.021502689
0.008536877
0.10253585
0.015355532
0.005489644
0.01904607
0.027636133
0.062287934
0.059284683
0.20912945
0.108207636
0.016192704
0.021762222
0.06731294
0.016996475
0.0058329413
0.002628732
0.07866346
0.063080765
0.08204128
0.13788709
0.007846433
0.0045353584
0.0078255385
0.008192504
0.005426745
0.005421531
0.11510024
0.14456464
0.024409108
0.028192544
0.01807723
0.0040019923
0.001921621
0.0008641486
0.9823982
0.0091261165
0.98216563
0.0009627114
0.0027148835
0.01668256
0.15618823
0.06642102
0.055979826
0.0074461023
0.01642686
0.06356001
0.2057691
0.012528569
0.030190984
0.084582075
0.09501056
0.008993364
0.116979845
0.01268724
0.08855636
0.007800107
0.11310365
0.022162037
0.042493325
0.02376884
0.05612967
0.0011110986
0.0020737168
0.023293236
0.09797876
0.055362087
0.060651634
0.011752135
0.0004389539
0.029611105
0.202562
0.0019113127
0.029303914
0.10618402
0.04500957
0.093983054
0.0044308617
0.0085175745
0.017252848
0.35373077
0.06596976
0.015055529
2.2085911e-05
0.021164494
0.43176863
0.36055177
0.018754704
0.0636686
0.006489889
0.0055248826
0.016864233
0.052164543
0.008436249
0.014685303
0.024888977
5.0483566e-05
0.048564743
0.024603685
0.023137989
0.0020340367
0.023946114
0.018510045
0.14103009
0.1770742
0.071028695
0.09095722
0.15299493
0.08124747
0.09183812
0.034708798
0.059242774
0.020133069
0.014342443
0.06107785
0.19751573
0.058140706
0.043436464
0.031236673
0.027014337
0.07480584
0.0525523
0.0039345515
0.124434836
0.012047842
0.06505364
