0.0062834737
0.0020894532
0.008393326
0.0039068307
0.004254199
0.0018152716
0.0024013962
0.002220315
0.011959729
0.0074703214
0.007702543
0.014134137
0.0029872593
0.0012199072
0.0060260436
0.005926831
0.008383482
0.022739232
0.0067661647
0.0024548338
0.009569048
0.01166677
0.029801756
0.12434677
0.024325889
0.036995634
0.02266726
0.13210338
0.027044388
0.026503876
0.15538293
0.020972973
0.01866758
0.01845208
0.03405472
0.040664017
0.108855344
0.0054477323
0.0032611024
0.015704129
0.19777012
0.044669222
0.12962376
0.20063747
0.10504301
0.11580263
0.01413617
0.04013172
0.09340045
0.02231411
0.0065431753
0.022527043
0.013255245
0.01230963
0.015714023
0.03312445
0.002211703
0.45457536
0.7023049
0.13083951
0.20923717
0.030797148
0.087982446
0.04240366
0.01244084
0.025346456
0.02886296
0.051213223
0.12303851
0.2665059
0.10717173
0.27252266
0.14498156
0.00860625
0.015742725
0.01803371
0.22544277
0.16749522
0.15767238
0.009638571
0.024197387
0.038410455
0.023504494
0.065878496
0.046123922
0.037030034
0.018147426
0.088881224
0.071966566
0.008507019
0.0020703932
0.121576175
0.10933303
0.024202334
0.038783062
0.013041832
0.04524512
0.0018684284
0.0009785803
0.0009617035
0.0008277667
0.066003434
0.13504018
0.08937292
0.034233313
0.012059283
0.0077619758
0.007462685
0.19623767
0.05917357
0.052065954
0.77120787
0.0952403
0.14869882
0.05297957
0.004864566
0.07063921
0.0064007062
0.02971157
0.00666215
0.105579115
0.019279905
0.03562766
0.093323454
0.040381253
0.056246698
0.052104943
0.037245464
0.107230924
0.0022918351
0.13004248
0.07499235
0.06983464
0.06098874
0.0018528221
0.027762393
0.038484123
0.029661842
0.011587162
0.052751705
0.030563664
0.012606465
0.03452768
0.15733495
0.02186986
0.06310632
0.031055668
0.05678455
0.030829893
0.007972012
0.008259719
0.007077883
0.016369354
0.004275869
0.14258075
0.0042550615
0.02270346
0.023981659
0.0127764195
0.008455324
0.003299175
0.014505025
0.025380941
0.09602585
0.12073489
0.0092975795
0.034987487
0.049824476
0.00014404448
0.15946421
0.10712064
0.037160102
0.029327227
0.006607967
0.040526118
0.41576135
0.30574602
0.030163176
0.019349229
0.120432995
0.054856148
0.001402101
0.011907424
0.013528005
0.022828352
0.0033580477
0.031859346
0.095464304
0.0007908839
0.026439704
0.02860119
0.109044656
0.009249013
0.032797687
0.062641926
0.008483286
0.0074159303
0.037511814
0.038906377
0.016841661
0.002086268
0.014879877
