0.4017995
0.276038
0.29927352
0.27139083
0.2797468
0.34593746
0.27452558
0.3578667
0.56462854
0.4153254
0.29532778
0.30058196
0.30730873
0.26980948
0.30339193
0.34943375
0.28530115
0.2694731
0.32877332
0.26916817
0.27920836
0.2709356
0.2723568
0.38513505
0.28278825
0.31241015
0.29750314
0.32852113
0.31465194
0.29549205
0.31809446
0.35824132
0.2982489
0.27998507
0.27603865
0.2857336
0.31953534
0.38048214
0.28563407
0.7273075
0.2890947
0.27515152
0.27849564
0.33722186
0.31718615
0.30272523
0.2804488
0.27320978
0.28832054
0.281456
0.27264625
0.28708512
0.26930502
0.271942
0.2818801
0.29185894
0.31727648
0.34413815
0.27964312
0.2715557
0.29345867
0.3208437
0.30070195
0.2765722
0.3105017
0.27311867
0.29332626
0.6732679
0.2799175
0.2698241
0.36397195
0.28140208
0.43594873
0.28391036
0.27682889
0.28767037
0.27032253
0.27581865
0.2933246
0.64790255
0.3163815
0.31672925
0.31510034
0.2846307
0.2713926
0.2745625
0.28059062
0.27147332
0.29371148
0.30268657
0.31351644
0.33433557
0.27628195
0.65988815
0.2887885
0.26949552
0.29569352
0.27978826
0.27767563
0.28198123
0.2719626
0.27799028
0.29147503
0.28703797
0.2819301
0.27407488
0.28693455
0.27050704
0.30424193
0.30472904
0.2935855
0.2710453
0.39067954
0.2767481
0.29360858
0.2691328
0.7193735
0.31639877
0.3042989
0.27084744
0.326005
0.27353737
0.28264302
0.27746975
0.28515685
0.28945062
0.29572612
0.32369727
0.3153868
0.3797644
0.2736292
0.27078724
0.2817938
0.27304056
0.27379486
0.27400887
0.274309
0.41017106
0.27519527
0.28021953
0.32691273
0.2750138
0.27274078
0.2829588
0.2751233
0.307453
0.31500044
0.296944
0.4002643
0.30715305
0.6440117
0.32162064
0.2708724
0.28405347
0.28041676
0.42266586
0.2741804
0.2707819
0.27169806
0.28256008
0.2880404
0.4391276
0.27697137
0.26928842
0.33960932
0.2708412
0.28085023
0.29582906
0.2883482
0.2986634
0.27898833
0.30981183
0.27798724
0.72330004
0.27236855
0.31554323
0.31439188
0.2775666
0.2750835
0.27740785
0.27023655
0.33193302
0.27256313
0.27517998
0.3039699
0.35951912
0.2802116
0.29264015
0.68303263
0.51830983
0.27155212
0.27213702
0.27819434
0.30409747
0.27755386
0.27056777
0.27332777
0.27833045
0.2720037
0.27003965
0.29902777
0.2700121
0.3378301
0.2699457
0.2709877
0.32235906
0.27065593
0.27541313
0.6904946
0.4473257
0.49832955
0.38320807
0.2964355
0.3970491
0.2758508
0.2714604
0.27210385
0.30657297
0.27544805
0.27191436
0.28853923
0.2710816
0.27159235
0.27541262
0.27832022
0.7160574
0.2823129
0.27196822
0.27100694
0.29861093
0.2851567
0.2700016
0.2860488
0.2729304
0.27110884
0.28095844
0.43538755
0.2787751
