0.33990225
0.017932689
0.066720136
0.0072834245
0.027142657
0.19196174
0.017323993
0.20692214
0.6412697
0.36942548
0.06820627
0.07894027
0.09702247
0.0022574572
0.08267504
0.19622765
0.043587208
0.001096776
0.14817522
0.0007025429
0.032015495
0.0059329756
0.0077402685
0.2611318
0.03728347
0.11816882
0.07103774
0.14479198
0.11237374
0.07483261
0.111127645
0.15696804
0.06954875
0.027321978
0.0152453
0.046466533
0.11918572
0.2846008
0.03683895
0.98982507
0.04736485
0.016070256
0.02576081
0.16684413
0.12714468
0.09624809
0.028802294
0.008711167
0.049569327
0.03505757
0.009315538
0.04500141
0.001024484
0.0076429727
0.031167665
0.061381772
0.12838763
0.2077129
0.02692084
0.00722581
0.060056753
0.14608921
0.07454517
0.020136077
0.093287386
0.014957219
0.05709329
0.84732455
0.0365547
0.002533783
0.24693829
0.03403882
0.40270966
0.03588307
0.020146336
0.049304534
0.0038982728
0.019067092
0.05454006
0.79396236
0.11436471
0.11694614
0.10381465
0.036138464
0.006292958
0.017641447
0.03513639
0.005805374
0.06256415
0.08623689
0.11612469
0.16102529
0.015952714
0.85921746
0.048208114
0.0015073647
0.06784565
0.027861737
0.018858686
0.025331471
0.008681171
0.026543913
0.058558382
0.0417411
0.033604786
0.013651543
0.033439726
0.0043012663
0.097270936
0.10573794
0.07370496
0.0051893927
0.30987993
0.023654966
0.0554929
0.00053541985
0.9749221
0.1158806
0.08492924
0.0050743427
0.13273962
0.012218753
0.033718742
0.01876868
0.044423882
0.03924147
0.07062601
0.13166885
0.121209346
0.25857916
0.011457547
0.005026556
0.031152776
0.013106534
0.014291711
0.012477473
0.014036077
0.30771345
0.019093385
0.024838593
0.1471885
0.01613935
0.011392452
0.03478877
0.015287521
0.09056388
0.12127475
0.06788897
0.32355878
0.12238888
0.7654561
0.12775943
0.0049304934
0.035274584
0.027087072
0.31340906
0.01454058
0.004689319
0.007053919
0.03632915
0.053129908
0.361534
0.01955089
0.0009148019
0.16847733
0.0050648237
0.023958145
0.06469519
0.046171058
0.073179856
0.024840765
0.11773202
0.021950163
0.9789823
0.007867888
0.11462633
0.12186052
0.021740763
0.017172273
0.02201921
0.003783257
0.15157205
0.008787786
0.015795914
0.091128
0.2561564
0.028435638
0.057854507
0.8734883
0.5489561
0.005938313
0.009585683
0.022076188
0.098158166
0.026891757
0.0039520813
0.012149413
0.01997575
0.009628408
0.0032038703
0.07828008
0.0025584288
0.18175605
0.0029799587
0.0061597344
0.11358141
0.0048491657
0.020763958
0.89930815
0.37658125
0.52397484
0.25396475
0.058671232
0.28355128
0.01589435
0.007544845
0.009352872
0.101455525
0.015739186
0.009307537
0.051232588
0.005653249
0.0072135264
0.02179607
0.025246456
0.965142
0.033025272
0.009304886
0.005289835
0.07225283
0.04428228
0.0028018889
0.04665468
0.010371562
0.0045796125
0.029689709
0.3871908
0.025732929
