0.0 0.018766627403487234
0.0 0.11822643956949526
0.0 0.02494987468671679
0.0 0.004714285714285714
0.0 0.12487908196490248
0.0 0.03399029596878872
0.0 0.053084599019835435
0.0 0.11045361917569212
0.0 0.02494987468671679
0.0 0.02929926568758344
0.0 0.005142857142857143
0.0 0.0
0.0 0.0
0.0 0.020758282643359122
0.0 0.14766435489015903
0.0 0.07735307957235397
0.0 0.03345329587108542
0.0 0.11818655445695206
0.0 0.17003488462714075
0.0 0.05162024645367389
0.0 0.12915947429137753
0.0 0.08076125836254548
0.0 0.0802830947765247
0.0 0.020198740653286106
0.0 0.021353099730458222
0.0 0.1223406617783337
0.0 0.023405935610554658
0.0 0.08710783358503509
0.0 0.11803382547123964
0.0 0.02465986394557823
0.0 0.10372379614530865
0.0 0.029902086677367577
0.0 0.07158096403800199
0.0 0.0
0.0 0.022527472527472527
0.0 0.10183115462862796
0.0 0.021888528138528138
0.0 0.068305651972374
0.0 0.0746043685931938
0.0 0.3297132134610874
0.0 0.15056952380837083
0.0 0.12419545985284053
0.0 0.0586237973584355
0.0 0.07441662758230777
0.0 0.05705347624160975
0.0 0.12940485420391892
0.0 0.166316789211294
0.0 0.15565426333137683
0.0 0.17318801316493468
0.0 0.10376426317412189
0.0 0.16086993990075404
0.0 0.03133958583433373
0.0 0.0874136374938765
0.0 0.08315942799718448
0.0 0.10219039572392345
0.0 0.11053379996025449
0.0 0.32633958573518984
0.0 0.3336616921337732
0.0 0.31342233339004755
0.0 0.3377353746370776
0.0 0.044850635707142934
0.0 0.05726840316048172
0.0 0.07177178418682018
0.0 0.07291900448628334
0.0 0.05842686904682502
0.0 0.09457818039642961
0.0 0.0050903119868637116
0.0 0.01808062067802328
0.0 0.021380952380952382
0.0 0.026604238924664375
0.0 0.08923210593104651
0.0 0.3558817946103388
0.0 0.16906625989470778
0.0 0.051285483941923705
0.0 0.008013937282229966
0.0 0.16233114179267968
0.0 0.172510576163464
0.0 0.09067549144405615
0.0 0.052324547186111944
0.0 0.08853627110618392
0.0 0.07523839439154831
0.0 0.03277149113817542
0.0 0.04976656502980104
0.0 0.07397546442857386
1.0 0.7941564031605122
1.0 0.7486855742786408
0.0 0.09785441527308604
0.0 0.00784313725490196
0.0 0.03825445689695938
0.0 0.027503066176078495
0.0 0.19500744085949195
0.0 0.2505633044562061
0.0 0.13409542249720158
0.0 0.08247521821365944
0.0 0.18857019302634498
0.0 0.11096352596829417
0.0 0.018426573426573428
0.0 0.08868521233793573
0.0 0.12352342405633258
0.0 0.1272557543587376
0.0 0.17116303432018248
0.0 0.17116303432018248
0.0 0.04553801358187781
0.0 0.04081546340478218
0.0 0.06350532298910418
0.0 0.07779103727481847
0.0 0.07023211805948765
0.0 0.07612443545594182
0.0 0.11764209783617464
0.0 0.07113710857256468
0.0 0.1282583414521442
0.0 0.1113794114591675
1.0 0.9755707013568842
1.0 0.6239883587321305
0.0 0.02886339535814325
0.0 0.23783559377882355
0.0 0.11725444660347986
0.0 0.03058490535694183
0.0 0.18431829776850836
0.0 0.09065223372525605
0.0 0.17639278394044264
0.0 0.03558037626681749
0.0 0.10753636788093275
0.0 0.07514458903579026
0.0 0.03505494505494506
0.0 0.04511627395685367
0.0 0.07598715990009505
0.0 0.15930063220969687
0.0 0.07356473606253909
0.0 0.1077382378517976
0.0 0.09198466260999398
0.0 0.01755583970400196
0.0 0.16831162120255008
0.0 0.021029734970911443
0.0 0.14301462562655834
0.0 0.14997135638864187
0.0 0.0804957401504868
0.0 0.034771370157320625
0.0 0.1161339970168742
0.0 0.05218235677893555
0.0 0.11820775062764799
0.0 0.0
0.0 0.23266304769165863
0.0 0.1197998581203503
0.0 0.04549527857774547
0.0 0.09198247469787589
0.0 0.16702145090752477
0.0 0.07082286259225455
0.0 0.15355074562321783
0.0 0.029183820873961715
0.0 0.19423452111523923
0.0 0.06300851032735298
0.0 0.14419387472336534
0.0 0.07750457974674345
0.0 0.048567740797432674
0.0 0.03458284852402499
0.0 0.22957107981228211
0.0 0.0805468920323586
0.0 0.06407049104536441
0.0 0.08393799540898882
0.0 0.082821607653621
0.0 0.23587372139055082
0.0 0.2564304958747502
0.0 0.14089762507249656
0.0 0.1388884153555986
0.0 0.3215219787570768
0.0 0.08413386487253623
0.0 0.18579423053789937
0.0 0.15213453826220633
0.0 0.038188756208496065
0.0 0.18356737297402245
0.0 0.017341647116928014
0.0 0.006722689075630252
0.0 0.05256353433813484
0.0 0.38090283836594
0.0 0.06683916083916083
0.0 0.05169629955344242
0.0 0.13838773671729973
0.0 0.1269866999058162
0.0 0.009415584415584415
0.0 0.10684516475663344
0.0 0.02005129179331307
0.0 0.10677805377143336
0.0 0.7441802808579472
0.0 0.12262055039118806
0.0 0.033961877915366284
0.0 0.3115168091746731
0.0 0.14269861704940495
0.0 0.23975892371430158
0.0 0.0738070306321134
0.0 0.035128495842781556
0.0 0.05647126436781609
0.0 0.1496766370603786
0.0 0.031165349022491882
0.0 0.0
0.0 0.0945324000950349
0.0 0.10611987060938653
0.0 0.027665562100299093
0.0 0.04885747577659175
0.0 0.051424904493569575
0.0 0.009809308338720103
