0.0 0.04228484026329926
0.0 0.008835450264021692
0.0 0.059305018781849114
0.0 0.10897996911856747
0.0 0.06118896670078772
0.0 0.0025274725274725277
0.0 0.015262166405023548
0.0 0.048973044360556044
0.0 0.10102115581024802
0.0 0.0798246667609364
0.0 0.05463350854417093
0.0 0.05089144844586253
0.0 0.13131494058751259
0.0 0.012087912087912088
0.0 0.0
0.0 0.0753421617929846
0.0 0.012527472527472527
0.0 0.007263922518159806
0.0 0.05768313161171764
0.0 0.004469763365468888
0.0 0.05472700596232499
0.0 0.04800771861835248
0.0 0.033219941598117766
0.0 0.13376981172041327
0.0 0.033219941598117766
0.0 0.010829575275803204
0.0 0.027742971555390142
0.0 0.03284324482481165
0.0 0.02550090414213262
0.0 0.027742971555390142
0.0 0.11434257446090602
0.0 0.03195759962677256
0.0 0.03276482666029242
0.0 0.035582348121881685
0.0 0.04407670810791444
0.0 0.06795116700620396
0.0 0.06532013902099913
0.0 0.06532013902099913
0.0 0.005072126570497906
0.0 0.041481305626735784
0.0 0.038137018610687363
0.0 0.028673971531114388
0.0 0.040934350317507376
0.0 0.040578294109744006
0.0 0.062362363215241676
0.0 0.06904140081884756
0.0 0.0
0.0 0.07064727825392808
0.0 0.09253776557292956
0.0 0.12907909260065034
0.0 0.14461599293998229
0.0 0.1569913042005996
0.0 0.13276930304451193
0.0 0.04479316545357686
1.0 0.05256965032083244
0.0 0.0
0.0 0.00824742268041237
0.0 0.10186493000247061
0.0 0.13548142048367529
0.0 0.0644268734298139
0.0 0.17230510593474244
0.0 0.005869324473975637
0.0 0.005869324473975637
0.0 0.07220713649635097
0.0 0.13560614428416184
0.0 0.045617835681462396
0.0 0.03707906250956154
0.0 0.032160278745644595
0.0 0.0
0.0 0.06278062409646552
0.0 0.06557261345897908
0.0 0.11073134361770923
0.0 0.32606922958182283
0.0 0.36141407138474385
0.0 0.2880518484695999
0.0 0.04887279689171687
0.0 0.06119857844268694
0.0 0.039404358353510895
0.0 0.20759822787611823
0.0 0.07403576113986512
0.0 0.0025274725274725277
0.0 0.044535905619649464
0.0 0.04833203013005969
0.0 0.04035281390369184
0.0 0.09264163449610695
0.0 0.07414923844228415
0.0 0.09700346254088318
0.0 0.04700536536536665
0.0 0.12933464495446
0.0 0.07149216843650981
0.0 0.1917904040607292
0.0 0.1927929103263934
0.0 0.05437021134345781
0.0 0.023373651520104607
0.0 0.067506395035396
0.0 0.067506395035396
0.0 0.14293876861693394
0.0 0.026048517520215635
0.0 0.1793337333790705
0.0 0.2295215678838126
0.0 0.06846065185790011
0.0 0.0489080562294848
0.0 0.10660562222070834
0.0 0.023690737833594978
0.0 0.07013132834655322
0.0 0.04946263533743469
0.0 0.02600907029478458
0.0 0.07168004942096134
0.0 0.08475145957277554
0.0 0.037080167725329016
1.0 0.8494020502981126
1.0 0.6837278206950491
1.0 0.050053254616661914
0.0 0.046755916305916315
0.0 0.051380180134807316
0.0 0.014280719280719282
0.0 0.22460424681400912
0.0 0.07791503331212773
0.0 0.19054465027079878
0.0 0.14460917650874988
0.0 0.053702844774273346
0.0 0.017711962833914054
0.0 0.0827143278617531
0.0 0.2306028037416629
0.0 0.075053151682367
0.0 0.11257640584556605
0.0 0.04869522416016155
0.0 0.1361451414499221
0.0 0.024741228920333397
0.0 0.06151729928181275
0.0 0.06932000250606404
0.0 0.12965398550887955
0.0 0.019517102615694164
0.0 0.13648782260899595
0.0 0.02762726307708695
0.0 0.14743562598622056
0.0 0.17458532924007045
0.0 0.03954047482446794
0.0 0.14321018362264779
0.0 0.09236226916754076
0.0 0.08543633981156086
0.0 0.09732704737650207
0.0 0.19160366225160058
0.0 0.2588145636722355
0.0 0.10037075130194846
0.0 0.004112554112554113
0.0 0.025068003709232185
0.0 0.03780965686681013
0.0 0.03284489938673351
0.0 0.09853152405867198
0.0 0.10966190845380212
0.0 0.1447901044353822
0.0 0.14269838426258352
0.0 0.006307977736549165
0.0 0.1892548946535671
0.0 0.1689615440885454
0.0 0.06358421520717025
0.0 0.0
0.0 0.004469763365468888
0.0 0.0883747269418774
0.0 0.12253223049386287
0.0 0.1267383494989184
0.0 0.12255152957727757
0.0 0.08799167130041378
0.0 0.12153683119281758
0.0 0.1497635859010334
0.0 0.044653397664805625
0.0 0.10643345002691383
0.0 0.07979586834975994
0.0 0.19794835848988862
0.0 0.08311384165355899
0.0 0.25483409370310883
0.0 0.10516056620486043
0.0 0.10277922870780012
0.0 0.09126364005553372
0.0 0.5522299391891116
0.0 0.05364971367730542
0.0 0.2914244865758105
0.0 0.06601354655757778
0.0 0.09032518368761142
0.0 0.06030071861490848
0.0 0.09887279176147043
0.0 0.12294769213311069
0.0 0.06327110360153064
0.0 0.08077058603031109
0.0 0.1057543722344049
0.0 0.2563529794775329
0.0 0.020457393483709275
0.0 0.1290709275445245
0.0 0.14082222824410523
0.0 0.12354656974191394
0.0 0.02726703483063008
0.0 0.30734010434759784
0.0 0.2872809949597128
0.0 0.11109824648078664
0.0 0.03817741320154754
0.0 0.06636857496682981
0.0 0.08097151632457952
0.0 0.10273320147926009
0.0 0.03835171153146804
0.0 0.16792531111367548
