0.0 0.018182336025284126
0.0 0.0429711034802858
0.0 0.003765227021040975
0.0 0.017943229923548368
0.0 0.034002687975811755
0.0 0.10032515355195579
0.0 0.01605425824175824
0.0 0.21127608261156283
0.0 0.08564787483830619
0.0 0.0
0.0 0.0724517854049528
0.0 0.06397900832875902
0.0 0.002701080432172869
0.0 0.007217984281091077
0.0 0.02150369856680536
0.0 0.039217687074829935
0.0 0.08592802967620981
0.0 0.024300706197972144
0.0 0.0
0.0 0.07306484754750332
0.0 0.061695834860386524
0.0 0.12896579276393316
0.0 0.08365033233209762
0.0 0.07523111365871354
0.0 0.019046711672473866
0.0 0.0034774436090225565
0.0 0.1547509721041629
0.0 0.028945075882048154
0.0 0.058613680611203735
0.0 0.08836139298752108
0.0 0.05988127536015038
0.0 0.055593816229478954
0.0 0.007335907335907336
0.0 0.015126439825235006
0.0 0.019974931171810345
0.0 0.04411496529571916
0.0 0.037267822772568245
0.0 0.024998767987384193
0.0 0.022405312268623155
0.0 0.09597942761019304
0.0 0.07681764505687268
0.0 0.136054428413347
0.0 0.08392753150171964
0.0 0.09413087494395156
0.0 0.12073716218048725
0.0 0.010515488246580685
0.0 0.05265898658889121
0.0 0.15137619034554517
0.0 0.02901918976545842
0.0 0.04104983091816959
0.0 0.002701080432172869
0.0 0.002701080432172869
0.0 0.027681547466614217
0.0 0.002701080432172869
0.0 0.1740537967418901
0.0 0.08687641262826053
0.0 0.11540539026784172
0.0 0.028799002416023692
0.0 0.07418493024852325
0.0 0.03617569268794105
0.0 0.04515975198387752
0.0 0.09239867889169512
0.0 0.10366370470071722
0.0 0.08113878938669351
0.0 0.033225123509353874
0.0 0.0664743660597204
0.0 0.11855735545648649
0.0 0.13156274561211043
0.0 0.0645742708915269
1.0 0.0784546211374731
0.0 0.09796749041892429
1.0 0.10459219477264589
0.0 0.07916860015381641
0.0 0.09335080053946647
1.0 0.29017732392671525
1.0 0.0
0.0 0.29017732392671525
0.0 0.08355082375225763
0.0 0.12721509389262184
0.0 0.086011623439202
0.0 0.01611779251433067
0.0 0.07343837779803207
0.0 0.07332010737550114
0.0 0.12534100402608445
0.0 0.032266592363343866
0.0 0.014829990215264188
0.0 0.002701080432172869
0.0 0.05816287164430007
0.0 0.0856708031736641
0.0 0.07540681471510384
0.0 0.1519071748837365
0.0 0.03035191432754252
0.0 0.04650268797581175
0.0 0.0
0.0 0.00859375
0.0 0.0288872824458076
0.0 0.05907626450083756
0.0 0.050762378859718585
0.0 0.09306985560995593
0.0 0.04131907975792094
0.0 0.10062335663928909
0.0 0.07851358923997513
0.0 0.01917229307326832
0.0 0.003816793893129771
0.0 0.0
0.0 0.03316343743975323
0.0 0.051154168743632655
0.0 0.0
0.0 0.07381268890885374
0.0 0.047106446820370095
0.0 0.10357940394727606
0.0 0.06401804675164154
0.0 0.06348580952474173
0.0 0.05642236177086722
0.0 0.17800058385067516
0.0 0.04014107398716509
0.0 0.10342415626410781
0.0 0.07113636003833462
0.0 0.0
0.0 0.01752049569374687
0.0 0.04890024103625877
0.0 0.007983193277310924
0.0 0.10482595692704019
0.0 0.04573560587094918
0.0 0.04292023481750076
0.0 0.05536463023130603
0.0 0.0
0.0 0.03716589453431559
0.0 0.0879458738514818
0.0 0.009919064713263946
0.0 0.010513580432172868
0.0 0.0599716273422598
0.0 0.01615813727868057
0.0 0.025014634161930088
0.0 0.013925204803052408
0.0 0.08147218611734741
0.0 0.040061819566233746
0.0 0.0
0.0 0.06797007347479031
0.0 0.03957838452088302
0.0 0.037733395632301166
0.0 0.08604412084745477
0.0 0.022035903712770297
0.0 0.12355105980408686
0.0 0.051832346023443256
0.0 0.01615813727868057
0.0 0.010186335403726708
0.0 0.002701080432172869
0.0 0.11493306182485485
0.0 0.08208826553563395
0.0 0.033369778827502576
0.0 0.06803116702104166
0.0 0.023214045918678768
0.0 0.027548026732539636
0.0 0.034002687975811755
0.0 0.04439323107303458
0.0 0.050434538579699865
0.0 0.025014634161930088
0.0 0.0
0.0 0.08627681570240978
0.0 0.08403479698796439
0.0 0.048067301968132525
0.0 0.04292023481750076
0.0 0.10328618869871262
0.0 0.39606215014168594
0.0 0.050463093228423045
0.0 0.035486794717887155
0.0 0.0340411135878517
0.0 0.03890922315844917
0.0 0.03525582080789195
0.0 0.00859375
0.0 0.07248165941376288
0.0 0.032442983869623375
0.0 0.0
0.0 0.022538246067657836
0.0 0.029239288767616226
0.0 0.15983007741215258
0.0 0.06278984908623636
0.0 0.0
0.0 0.21089456304785026
0.0 0.09192668579098208
0.0 0.1445229038450436
0.0 0.01129483043217287
0.0 0.025837073180526693
0.0 0.04166263330350265
0.0 0.009841527704199089
0.0 0.03702007414438276
0.0 0.003765227021040975
0.0 0.06809890952797466
0.0 0.06604942400227265
0.0 0.12070917199724025
0.0 0.024780096308186193
0.0 0.0745719026692424
0.0 0.06390558893275082
0.0 0.08815700235039252
0.0 0.059452441114950016
0.0 0.07065129571986817
0.0 0.09872230268858721
0.0 0.14808415519702947
0.0 0.040391700985928494
0.0 0.04203109771474123
0.0 0.06899966692423487
0.0 0.050762378859718585
0.0 0.016056166056166055
0.0 0.025845268431869805
0.0 0.0
0.0 0.16859535389669197
0.0 0.0
0.0 0.0521309353770224
0.0 0.03525582080789195
0.0 0.007268170426065163
0.0 0.06860042660304472
0.0 0.04443320091194373
0.0 0.061945925434447005
0.0 0.11542977022120687
0.0 0.09570728828715717
0.0 0.03290313485127318
0.0 0.09032366440957014
0.0 0.022486034540864664
0.0 0.11304598838367755
0.0 0.12733445090592438
0.0 0.013765227021040974
0.0 0.036777592937046445
0.0 0.006466307453213844
0.0 0.15466009723805058
0.0 0.016611910879076645
0.0 0.02234442410632608
0.0 0.03375619261653443
0.0 0.13044811984567442
0.0 0.053087825260325565
0.0 0.2014155927118305
0.0 0.15636102668891513
0.0 0.020030513140365976
0.0 0.0063640840951765315
0.0 0.03479812287310044
0.0 0.04417961728045267
0.0 0.025014634161930088
0.0 0.006178524041195426
0.0 0.02089497938394373
0.0 0.06376604186338158
0.0 0.12058986029280813
0.0 0.08858952509451751
0.0 0.05097329518496941
0.0 0.06922984032960311
0.0 0.03277922504127099
0.0 0.052711182490547626
0.0 0.08371376446997841
0.0 0.13338661288321516
0.0 0.0971489988183643
0.0 0.042878754319432284
0.0 0.027002372190877137
0.0 0.02089497938394373
0.0 0.01044379073270398
0.0 0.020601345150238422
0.0 0.03252569212191085
0.0 0.007217984281091077
0.0 0.10027134959844095
0.0 0.0
0.0 0.05105115771050285
0.0 0.0
0.0 0.027548026732539636
0.0 0.014626458812505324
0.0 0.026314882098539032
0.0 0.09317843955067903
0.0 0.04964882429398558
0.0 0.06268412555404654
0.0 0.032700732778675946
0.0 0.027684380429861623
0.0 0.12424751976897025
0.0 0.0032258064516129032
0.0 0.01621175187632305
0.0 0.07749700727906032
0.0 0.019046711672473866
0.0 0.08210399812569263
0.0 0.043604103537658354
0.0 0.07552451017097277
0.0 0.13725581842330745
0.0 0.05252815351100859
