0.0 0.0947192646354808
0.0 0.06780688532322728
0.0 0.06346993676497739
0.0 0.07372838756992418
0.0 0.05699399954705896
0.0 0.13214276173409326
0.0 0.054446491521571695
0.0 0.07427682779772263
0.0 0.09063148833291244
0.0 0.04716823138030588
0.0 0.09292244484058194
0.0 0.053340122565395755
0.0 0.17006640905332734
0.0 0.07606619921566572
0.0 0.08381368724765402
0.0 0.09645853502932142
0.0 0.08087271271644667
0.0 0.08386202132353228
0.0 0.05575975225187278
0.0 0.05752474053642149
0.0 0.17212949359394716
0.0 0.09699469706645895
0.0 0.09645853502932142
0.0 0.08386202132353228
0.0 0.1576875467449029
0.0 0.06389086535971096
0.0 0.06437706537211874
0.0 0.11865069824202976
0.0 0.055398064623337816
0.0 0.051781120819478124
0.0 0.0970840068647799
0.0 0.08857093066918692
0.0 0.12990272416655482
0.0 0.06510237041802036
0.0 0.04932477143697326
0.0 0.053340122565395755
0.0 0.15182304959355308
0.0 0.06374926034140903
0.0 0.06374926034140903
0.0 0.0776988841238095
0.0 0.06853453087895513
0.0 0.04932477143697326
0.0 0.12022018448401514
0.0 0.11723076739464228
0.0 0.05174025422777555
0.0 0.05174025422777555
0.0 0.04657494369116003
0.0 0.1317042762245917
0.0 0.11898608286218769
0.0 0.05699399954705896
0.0 0.1728835706724322
0.0 0.1728835706724322
0.0 0.20751732307968865
0.0 0.18489185224593116
0.0 0.23124032838164135
0.0 0.06925874446900755
0.0 0.07533790367150361
0.0 0.048835476100877045
0.0 0.054973030183293276
0.0 0.10773633012892926
0.0 0.06889033358050099
0.0 0.11028325811950987
0.0 0.05626900753812232
0.0 0.060389101880183677
0.0 0.026488095238095238
0.0 0.014285714285714285
0.0 0.014285714285714285
0.0 0.1075305310352669
0.0 0.18684143337162426
0.0 0.12042316155977899
0.0 0.179665185836745
0.0 0.02718045112781955
0.0 0.04764839374162316
0.0 0.010275689223057645
0.0 0.026022126022126023
0.0 0.2711301051943124
0.0 0.06714716153537065
0.0 0.18504426570966837
0.0 0.15424436160876304
0.0 0.17245346667819136
0.0 0.21337356747852698
0.0 0.21209151619647568
0.0 0.23758586404753299
1.0 0.03648513655357299
0.0 0.0221963612023853
0.0 0.053523321121651
0.0 0.053523321121651
0.0 0.04318376068376068
0.0 0.007032967032967033
0.0 0.14224336271593474
0.0 0.09146426492567104
0.0 0.03295030461684331
0.0 0.037632524597964984
0.0 0.0826091457350487
0.0 0.057262089163502325
0.0 0.05742010758338946
0.0 0.01465934065934066
0.0 0.03247289121950957
0.0 0.08330028443102423
0.0 0.0
0.0 0.038759808859080876
0.0 0.0633949553431959
0.0 0.05191954550713033
0.0 0.1684129736797657
0.0 0.15883392744606964
0.0 0.27967185012904
0.0 0.28122888116188643
0.0 0.022581376303036572
0.0 0.04132024710068997
0.0 0.11049712523507073
0.0 0.02486034348996995
1.0 0.3360919200742358
1.0 0.17726023418105094
1.0 0.0527804241124416
0.0 0.16317134280088225
0.0 0.12044181091874867
0.0 0.12854148664729942
0.0 0.0658062700690032
0.0 0.04160562585423207
0.0 0.035644698626044836
0.0 0.1822947843421757
0.0 0.05852266128155174
0.0 0.05398340117036156
0.0 0.11001428186678308
0.0 0.03173204060387282
0.0 0.07793787142796861
0.0 0.08633438248832029
0.0 0.1850948210950545
0.0 0.08529054558913435
0.0 0.09167531777853881
0.0 0.0507441774619182
0.0 0.2223383976962513
0.0 0.03952228519295431
0.0 0.12007250888185614
0.0 0.24260274206511653
0.0 0.020326229944772414
0.0 0.1791829234735326
0.0 0.05606089472899625
0.0 0.056809025059660935
0.0 0.046984702916906304
0.0 0.053429879309183824
0.0 0.06046351088568767
0.0 0.1335828170534087
0.0 0.21891428372302707
0.0 0.1402641274900765
0.0 0.11701245024004463
0.0 0.03203703703703704
0.0 0.10448916354237177
0.0 0.04662827018284628
0.0 0.00694980694980695
0.0 0.03417112461501487
0.0 0.23168386301252863
0.0 0.006890756302521009
0.0 0.0641524471431293
0.0 0.055604668530711776
0.0 0.041660439544738734
0.0 0.15435875207288727
0.0 0.05608261651299962
0.0 0.04322933019851604
0.0 0.09974308055835492
0.0 0.12265477431124967
0.0 0.03674632503900797
0.0 0.07705532053351553
0.0 0.042144353406548686
0.0 0.14973526752685618
0.0 0.037821924495950995
0.0 0.05473929458206794
0.0 0.24637993050553283
0.0 0.04815161483841782
0.0 0.18925104070757734
0.0 0.07663667812336238
0.0 0.050513501275410315
0.0 0.014484126984126983
0.0 0.028456895962171616
0.0 0.0484352047460026
0.0 0.10472071825356995
0.0 0.1395065025577551
0.0 0.011053863934731414
0.0 0.02472516136638274
0.0 0.16573510734166264
0.0 0.09746715034631659
0.0 0.1036163487512481
0.0 0.15005893338197498
0.0 0.06794670087866102
0.0 0.11500082811342656
0.0 0.07386209005213414
0.0 0.11790343205685576
0.0 0.08938230925475824
0.0 0.0
0.0 0.03655184090329662
0.0 0.12001198974235418
0.0 0.1071277291918832
0.0 0.027351382556945046
0.0 0.03762338035841021
0.0 0.16730590019618882
0.0 0.021681096681096683
0.0 0.04740195844583743
0.0 0.05538288481981241
0.0 0.11487717499501586
0.0 0.17151065404134158
0.0 0.09648117618179977
0.0 0.022276547548479974
