0.0 0.1410234809429493
0.0 0.03995918367346939
0.0 0.11037739074041605
0.0 0.09354710075616418
0.0 0.10450806626644042
0.0 0.13462893097126616
0.0 0.1456339579482028
0.0 0.16746712667574187
0.0 0.08900479787163468
0.0 0.052524348538937594
0.0 0.12030171706009121
0.0 0.07943560249832447
0.0 0.05751991009169625
0.0 0.04665502406496195
0.0 0.07332169073162861
0.0 0.1737975007749565
0.0 0.10201718143812245
0.0 0.12990256906285202
0.0 0.11860330436167853
0.0 0.05503039804498709
0.0 0.16302265986932885
0.0 0.117565320036808
0.0 0.04525261694826912
0.0 0.07039067963913224
0.0 0.05831158749757023
0.0 0.10433185191499923
0.0 0.07967145401374043
0.0 0.10082744828771371
0.0 0.10249690437508228
0.0 0.08052380416173062
0.0 0.08858001503490533
0.0 0.10433185191499923
0.0 0.15080250797317668
1.0 0.2098108189808203
1.0 0.2185596959329496
1.0 0.25060722532399443
1.0 0.23852594535474886
1.0 0.2095336632826905
1.0 0.23171522641472855
0.0 0.2743210870940677
0.0 0.10406714421604414
0.0 0.07775857759804781
0.0 0.06916667088399611
0.0 0.04705942712446125
0.0 0.09641161823753679
0.0 0.07775857759804781
0.0 0.07775857759804781
1.0 0.8562689544611357
1.0 0.9087645762106823
1.0 0.9363583303853994
1.0 0.6281592758945956
1.0 0.5889922025811808
0.0 0.0015436429974740387
0.0 0.04753742918928002
0.0 0.095643290648725
0.0 0.08446467626237877
0.0 0.042392382747698375
0.0 0.012121212121212121
0.0 0.012121212121212121
0.0 0.08563739299106041
0.0 0.040201031357544104
0.0 0.27314785508262496
0.0 0.07771228717150905
0.0 0.23080925471880032
0.0 0.2410031172668714
0.0 0.12181464314037285
0.0 0.0938975011650282
0.0 0.09777793398262481
0.0 0.03848327447031368
0.0 0.02633624878522838
0.0 0.04058048877490846
0.0 0.06006587240636255
0.0 0.03704432250861511
0.0 0.2013800473516787
0.0 0.2013800473516787
0.0 0.19771038368201502
0.0 0.03419593695876524
0.0 0.009845559845559845
0.0 0.05856057771748998
0.0 0.03916981621298606
0.0 0.027293740481488638
0.0 0.05153410329328002
0.0 0.04383776902573895
0.0 0.09587522542207885
0.0 0.028040338942594584
0.0 0.10188955409637451
0.0 0.11565578786260827
0.0 0.02058213449314152
0.0 0.0163312766967252
0.0 0.11466587072047538
0.0 0.06549300830034452
0.0 0.08227835700766906
0.0 0.06298144905529891
0.0 0.06423008718748066
0.0 0.16515326055239532
0.0 0.053265067908594116
0.0 0.010371819960861057
0.0 0.14558416478139194
0.0 0.16399554648162204
0.0 0.2851810760982042
0.0 0.21449592787109745
0.0 0.06311140101109053
0.0 0.08779400747236903
0.0 0.004365079365079365
0.0 0.010317460317460317
0.0 0.035715451255661036
0.0 0.059572438821338926
0.0 0.09408603764043044
0.0 0.09408603764043044
0.0 0.03926429095918376
0.0 0.04425705729648791
1.0 0.808838319647987
1.0 0.05462970047909187
1.0 0.9810021500351181
0.0 0.2970303823058073
0.0 0.15414492136550337
0.0 0.031777505809888126
0.0 0.13102383262620818
0.0 0.15284652783956784
0.0 0.03301186469825388
0.0 0.037191447573850046
0.0 0.07518516279052619
0.0 0.08541475571338132
0.0 0.027962006790339
0.0 0.10624742092842528
0.0 0.0911161080867032
0.0 0.01187122736418511
0.0 0.08200368437807022
0.0 0.10149321064655356
0.0 0.05795311290826808
0.0 0.09184807921137843
0.0 0.06957131567206733
0.0 0.15480632642772474
0.0 0.023792573443378862
0.0 0.11648338791528347
0.0 0.020108043217286917
0.0 0.007367118884644194
0.0 0.05986216832909663
0.0 0.20649701549021335
0.0 0.05841086823859079
0.0 0.09458515289356713
0.0 0.08022165767738601
0.0 0.1710434434002464
0.0 0.0733795569047682
0.0 0.0819525398530896
0.0 0.28968054781823654
0.0 0.08665734271969064
0.0 0.045165764713210495
0.0 0.22077997691952275
0.0 0.05649913249089381
0.0 0.039014436480771374
0.0 0.03749848068717939
0.0 0.19493744571603072
0.0 0.1664028132619196
0.0 0.09772236808682543
0.0 0.05158925594347635
0.0 0.17877615998340757
0.0 0.15090118863142002
0.0 0.033786401352994024
0.0 0.2755605733183447
0.0 0.21743587349837531
0.0 0.081902147468791
0.0 0.1214935877346612
0.0 0.09742742363021002
0.0 0.025552138663684647
0.0 0.18430190181467068
0.0 0.029171232570657932
0.0 0.14259224463459605
0.0 0.08395953411683872
0.0 0.005367965367965368
0.0 0.05974100293206883
0.0 0.18133029510713747
0.0 0.2074752126019558
0.0 0.14277998280535367
0.0 0.10906777952743638
0.0 0.008249496981891348
0.0 0.1323577779443538
0.0 0.052200117227439634
0.0 0.23582043200669542
0.0 0.05566531595193252
0.0 0.08516510371550927
0.0 0.4207898248555395
0.0 0.06914013393381366
0.0 0.04075450092760274
0.0 0.009433962264150943
0.0 0.12304104380787406
0.0 0.06235493572648046
0.0 0.11253953135529267
0.0 0.03403225806451613
0.0 0.05702425055140859
0.0 0.0824947523931568
0.0 0.15295589698422304
0.0 0.07604709289480759
0.0 0.07976974724264196
0.0 0.09969926801749124
0.0 0.08793379210499967
0.0 0.0
0.0 0.023263869469840992
0.0 0.16405521029994974
0.0 0.07810324969008176
0.0 0.009433962264150943
0.0 0.07155840291768079
