1.0 0.03633928571428572
0.0 0.010267857142857143
0.0 0.17336453432978038
0.0 0.14969878642133988
0.0 0.06354587164536143
0.0 0.04229192498017269
0.0 0.12259529282180989
0.0 0.016279615294393618
0.0 0.04701559488390677
0.0 0.06424316293630977
0.0 0.010267857142857143
0.0 0.01054945054945055
0.0 0.1298197326691661
0.0 0.04226042225415183
0.0 0.03530026075997512
0.0 0.03619532330236284
0.0 0.0
0.0 0.03108442487117205
0.0 0.02144026186579378
0.0 0.04561203791861572
0.0 0.08901129023037788
0.0 0.024363569524859845
0.0 0.07290506988404896
0.0 0.0
0.0 0.09103461875083456
0.0 0.04583574813989561
0.0 0.013374324088609803
0.0 0.036632011295084074
0.0 0.040940401317759806
0.0 0.009065934065934065
0.0 0.029375775467419672
0.0 0.01078167115902965
0.0 0.045697945361018136
0.0 0.007056798623063683
0.0 0.01136518864573942
0.0 0.062034244908791766
0.0 0.07611337076428822
0.0 0.04405904984944798
0.0 0.12118507191912682
0.0 0.08559460211291192
0.0 0.05921674929286172
0.0 0.04493103500714742
0.0 0.06334345696221015
0.0 0.06014632597757482
0.0 0.04986061169186054
0.0 0.06442499783243039
0.0 0.07684248875101739
0.0 0.08063528784584703
0.0 0.14217955139433688
0.0 0.014282730947657333
0.0 0.09521415735966046
0.0 0.014282730947657333
0.0 0.1767099407417475
0.0 0.07276530362609554
0.0 0.07583542443815182
0.0 0.05847958934038125
0.0 0.07583542443815182
0.0 0.07276530362609554
0.0 0.0538169724065121
0.0 0.12825227278056522
0.0 0.053475391019862595
0.0 0.06191745620105821
0.0 0.01392938127632005
0.0 0.06062521021691399
0.0 0.048836491897381824
0.0 0.07631321513311501
0.0 0.010714285714285714
0.0 0.03949245941224551
0.0 0.010714285714285714
0.0 0.0
0.0 0.13007372883901808
0.0 0.17535812859404265
0.0 0.18092579601775685
0.0 0.09486649038489949
0.0 0.033148469809760134
0.0 0.12463372290944924
0.0 0.08375894745467027
0.0 0.05589935948884902
0.0 0.15111442871641645
0.0 0.1275399206889692
0.0 0.08485217694853814
0.0 0.08485217694853814
0.0 0.09045955027536032
0.0 0.12107762728263448
0.0 0.052951213607359784
0.0 0.07891238021250957
0.0 0.0864052324258587
0.0 0.07884719227415717
0.0 0.023224668807847185
0.0 0.216014612584388
0.0 0.27233860246026537
0.0 0.10895831762028456
0.0 0.011943117672600955
0.0 0.0682811759084476
0.0 0.14396111472480044
0.0 0.08115457553006461
0.0 0.09530016732159852
0.0 0.3102828557249945
0.0 0.19418727136449768
0.0 0.14913034780901566
0.0 0.20181468152501447
0.0 0.08951748204903104
0.0 0.16799638073637993
0.0 0.055973208291003336
0.0 0.061222778460786276
0.0 0.10784668452534191
0.0 0.12809167537293686
0.0 0.14625645620728583
0.0 0.11533652061009614
0.0 0.018653869816660514
0.0 0.010846560846560847
1.0 0.2794733453389752
1.0 0.970600478093813
0.0 0.029350843878333435
0.0 0.039865259208528125
0.0 0.0
0.0 0.07376509641135533
0.0 0.09080972615621598
0.0 0.11329537373773649
0.0 0.33301315968262196
0.0 0.16926259407081823
0.0 0.13231123517958848
0.0 0.026571285106802688
0.0 0.007807308970099667
0.0 0.17803505031756964
0.0 0.05108813564615558
0.0 0.11471435260716308
0.0 0.11272451575945079
0.0 0.16794521286506797
0.0 0.02308202145453502
0.0 0.022346938775510205
0.0 0.04516993666254175
0.0 0.2062710890729868
0.0 0.07079572109427977
0.0 0.04338476525361617
0.0 0.10218979612642273
0.0 0.1493962727004854
0.0 0.10342639296138684
0.0 0.17400800799226082
0.0 0.022656873881064094
0.0 0.05262547222137826
0.0 0.2737053453779612
0.0 0.0686212772461577
0.0 0.025452023603320974
0.0 0.03230198456029868
0.0 0.1405833261200169
0.0 0.03105813055846367
0.0 0.02743104514533086
0.0 0.3029908613291986
0.0 0.048393721174405664
0.0 0.11531146066988245
0.0 0.06092010242566268
0.0 0.18045726296005166
0.0 0.04947122708732616
0.0 0.09822269378418302
0.0 0.04261102855658161
0.0 0.2724231035885837
0.0 0.05478610730354917
0.0 0.04456971599828743
0.0 0.05610149379543783
0.0 0.09888491909517537
0.0 0.09194334580626948
0.0 0.05512675822184188
0.0 0.09570338344964005
0.0 0.11652476232183011
0.0 0.0864381146054324
0.0 0.11512300796871894
0.0 0.33621440745512193
0.0 0.012903225806451613
0.0 0.07310816392615027
0.0 0.15734915620642984
0.0 0.0538619531084592
0.0 0.18066872150324054
0.0 0.02888994580883201
0.0 0.015673578668415157
0.0 0.08520470170071327
0.0 0.11904694263455447
0.0 0.07723931589305784
0.0 0.07833873315408035
0.0 0.02701114488348531
0.0 0.31264355253076115
0.0 0.1793630559021903
0.0 0.2672060650808332
0.0 0.029559082892416225
0.0 0.10967088911711867
0.0 0.2776562018272846
0.0 0.061580200537210826
0.0 0.0022492401215805473
0.0 0.07831409865715512
0.0 0.027188940092165898
0.0 0.062460183427766235
0.0 0.061987777841881184
0.0 0.07684572951294101
0.0 0.03793212272092196
0.0 0.19732057645618453
0.0 0.1005121791967267
0.0 0.170898133644023
0.0 0.11624177718846822
0.0 0.04751792685223306
0.0 0.06531165962472259
0.0 0.1658157267251817
