1.0 0.016498404543164417
0.0 0.014938775510204083
0.0 0.211553684006457
0.0 0.11616930708978487
0.0 0.16471663254505506
0.0 0.046104250739843956
0.0 0.1611788579345012
0.0 0.009747107882701103
0.0 0.11340684301041769
0.0 0.05524558077613198
0.0 0.03484964127197572
0.0 0.03497345307479972
0.0 0.06898725343424897
0.0 0.04408396381934556
0.0 0.03792102206736353
0.0 0.03709097275273746
0.0 0.0
0.0 0.02078365907050727
0.0 0.015503149407911313
0.0 0.04802296667253158
0.0 0.08580583630752502
0.0 0.019961891390462817
0.0 0.051472612265034315
0.0 0.006099518459069021
0.0 0.044330361387152885
0.0 0.04386211814783243
0.0 0.04087541718473922
0.0 0.06114778015380425
0.0 0.04686206586808996
0.0 0.04798126470509451
0.0 0.04686206586808996
0.0 0.08739447801994257
0.0 0.07751467090026413
0.0 0.046775400455752
0.0 0.048062410078253855
0.0 0.07146607360893076
0.0 0.05479983460625704
0.0 0.05618142770588525
0.0 0.0629125487501295
0.0 0.16648799036045622
0.0 0.038692218447252125
0.0 0.052977932732966415
0.0 0.04886473509401305
0.0 0.03885236651021588
0.0 0.05796135989795173
0.0 0.09516366962914802
0.0 0.03898898698056001
0.0 0.049256002755094584
0.0 0.12121441944623551
0.0 0.05860015953039209
0.0 0.12044996811257061
0.0 0.025637944440517424
0.0 0.1330019226194572
0.0 0.09550368855698933
0.0 0.07747051037343522
0.0 0.09016892307184791
0.0 0.07747051037343522
0.0 0.10139341286776628
0.0 0.06287902362863114
0.0 0.0903572860662312
0.0 0.05680053733479936
0.0 0.08198290182977801
0.0 0.0
0.0 0.061207513308353646
0.0 0.025077561327561327
0.0 0.10737783916917472
0.0 0.01120879120879121
0.0 0.037254339863035515
0.0 0.018314638729146498
0.0 0.0
0.0 0.13542907416035416
0.0 0.13708981432065576
0.0 0.13711030857362025
0.0 0.10326030493151485
0.0 0.036556015843048364
0.0 0.058132038172933435
0.0 0.07716033560224467
0.0 0.11789412202101787
0.0 0.12552230581771254
0.0 0.1909815917204882
0.0 0.17346113165482957
0.0 0.16398744744430324
0.0 0.1324157536348452
0.0 0.2728842734082393
0.0 0.1458611317861057
0.0 0.08825306292665144
0.0 0.08834272259687087
0.0 0.09354114677994728
0.0 0.04405393095249466
0.0 0.181459618015436
0.0 0.1013277879055975
0.0 0.1618407549621536
0.0 0.014421768707482992
0.0 0.1454640194735624
0.0 0.09229471407774308
0.0 0.1296916029326696
0.0 0.1438385561128488
0.0 0.2544855027817169
0.0 0.13562711128709912
0.0 0.11363929454431039
0.0 0.14632357300012697
0.0 0.12164873934246247
0.0 0.17714391311733846
0.0 0.12056658919964904
0.0 0.07280304570813145
0.0 0.0768876978624914
0.0 0.1421160874420065
0.0 0.05078064383648197
0.0 0.023984425349087006
0.0 0.09918173586362099
0.0 0.09918173586362099
1.0 0.14412195021271682
1.0 0.9782232496170975
0.0 0.03662227602905569
0.0 0.06618709077968962
0.0 0.0922451718341086
0.0 0.02398929049531459
0.0 0.12127090200812982
0.0 0.09600725708370086
0.0 0.20514725450662183
0.0 0.22048101920781343
0.0 0.109288618354229
0.0 0.01960616360061575
0.0 0.06385720330448072
0.0 0.23864032848701536
0.0 0.11270445446005917
0.0 0.12413084457302043
0.0 0.20730954365436174
0.0 0.22210516532661284
0.0 0.008882889064574353
0.0 0.04319261836244661
0.0 0.0026785714285714286
0.0 0.2116269142748789
0.0 0.15512684060468115
0.0 0.05696657089571224
0.0 0.17134073193855365
0.0 0.32135759309394946
0.0 0.10915722782459915
0.0 0.07004789799609631
0.0 0.04626295611225228
0.0 0.04163589998490783
0.0 0.2875973520604719
0.0 0.013301320528211286
0.0 0.0609256712195527
0.0 0.04447837230130411
0.0 0.19596372729222913
0.0 0.05068611445840232
0.0 0.035048795251164166
0.0 0.2698820746234901
0.0 0.1131325288652365
0.0 0.2237872100186125
0.0 0.02216731556354198
0.0 0.22822641326701917
0.0 0.07677507916489679
0.0 0.24954552712164052
0.0 0.09656327567991262
0.0 0.25902485675058884
0.0 0.05482748655017563
0.0 0.0854489574909036
0.0 0.044663921394876065
0.0 0.07292992095623675
0.0 0.015129503265096484
0.0 0.058254721346273755
0.0 0.13151829541801563
0.0 0.1970008516119456
0.0 0.05884809185362937
0.0 0.12465983057334457
0.0 0.30719890537841826
0.0 0.04459191354691784
0.0 0.06939010547207468
0.0 0.170118919772865
0.0 0.13658390126410105
0.0 0.20562517647286288
0.0 0.05915992095162088
0.0 0.12137872762845373
0.0 0.09527114906776722
0.0 0.07483757578139015
0.0 0.1836224102200699
0.0 0.02662031313964665
0.0 0.09907898879501637
0.0 0.42684681743312697
0.0 0.24004443935603276
0.0 0.13771246800321807
0.0 0.020164835164835162
0.0 0.14086846135139355
0.0 0.26519277426641596
0.0 0.061331155347912766
0.0 0.015795918367346937
0.0 0.09906377701742891
0.0 0.027894337688459007
0.0 0.0645307026397965
0.0 0.050057732353171944
0.0 0.07586957654871297
0.0 0.03463222381684503
0.0 0.24763124521543525
0.0 0.1082681871796011
0.0 0.38385428137265326
0.0 0.26418155290338957
0.0 0.057510068977198944
0.0 0.0907003333727986
0.0 0.14032392861490506
