0.0 0.0046992481203007525
0.0 0.08453845447099846
0.0 0.054216143437564444
0.0 0.00473068498753679
0.0 0.11801590612034885
0.0 0.04182371658730627
0.0 0.01067440005318088
0.0 0.2037372783767019
0.0 0.03982278592188049
0.0 0.00473068498753679
0.0 0.0046992481203007525
0.0 0.04378316682663156
0.0 0.010204081632653062
0.0 0.05367515493963124
0.0 0.12588558804763011
0.0 0.09073547153585726
0.0 0.08357726849584904
0.0 0.24807073032345275
0.0 0.17204075301759714
0.0 0.06695781305278498
0.0 0.0700602149557296
0.0 0.12030576734624131
0.0 0.011746031746031746
0.0 0.02915235659481184
0.0 0.013865546218487394
0.0 0.10612948290173141
0.0 0.02927721088435374
0.0 0.05023288991710044
0.0 0.08679071931812914
0.0 0.047209605153536824
0.0 0.07886583650129769
0.0 0.07480871770156032
0.0 0.07300420642336483
0.0 0.06654694196649052
0.0 0.07111089495086571
0.0 0.08902703334429514
0.0 0.06937466671637027
0.0 0.05743258153623765
0.0 0.04638303434325368
0.0 0.3628658252295577
0.0 0.11840962949596816
0.0 0.17410606956400135
0.0 0.08311319324220913
0.0 0.06718009749030682
0.0 0.0711670345058866
0.0 0.17848344343524594
0.0 0.1867919056996809
0.0 0.17047004158818263
0.0 0.20958804029948408
0.0 0.18849393331565503
0.0 0.18946926631544544
0.0 0.05768760295294827
0.0 0.0875437001867751
0.0 0.033994876703883445
0.0 0.09239916560785229
0.0 0.06084205941625132
0.0 0.27603873039467697
0.0 0.32068271167915235
0.0 0.26256667053963834
0.0 0.32068271167915235
0.0 0.061719912602722256
0.0 0.043970464779835766
0.0 0.04536798030778608
0.0 0.044131061532693985
0.0 0.025443104213447792
0.0 0.011337868480725623
0.0 0.00272975432211101
0.0 0.02184265010351967
0.0 0.05448193935784759
0.0 0.07244384660647019
0.0 0.09962067018082751
0.0 0.35099225428479597
0.0 0.19082000884176334
0.0 0.07084786145652155
0.0 0.035820993901988014
0.0 0.1565225016328113
0.0 0.17605410483716813
0.0 0.13825639084390418
0.0 0.09538095545525904
0.0 0.07279495598024589
0.0 0.10168276241772771
0.0 0.05797970459430246
0.0 0.08278991853495118
0.0 0.0997201574145199
1.0 0.9321711659147459
1.0 0.8899042008207708
0.0 0.062124551448920644
0.0 0.017955150191073875
0.0 0.13645673842994693
0.0 0.06173667375474504
0.0 0.19439442433615345
0.0 0.17361345287872976
0.0 0.1419802891625254
0.0 0.14562874342263338
0.0 0.20525148975217472
0.0 0.13715817574908787
0.0 0.04605602250455844
0.0 0.025734105672344125
0.0 0.15775475752934995
0.0 0.17757823453452665
0.0 0.1644289343080613
0.0 0.1644289343080613
0.0 0.051483493655860274
0.0 0.051483493655860274
0.0 0.09104980093049471
0.0 0.07962122950192328
0.0 0.07376267835739496
0.0 0.047603863767729314
0.0 0.17852782387886418
0.0 0.1720335058921165
0.0 0.2024423535321834
0.0 0.16730112928121674
1.0 0.981924384143846
1.0 0.5204532351507816
0.0 0.07764153708405067
0.0 0.3007734263333552
0.0 0.08153564430643977
0.0 0.06190138465288624
0.0 0.12689078702568482
0.0 0.032423655247144856
0.0 0.15383744254536943
0.0 0.07902203042274407
0.0 0.16054683585046184
0.0 0.104316244924617
0.0 0.05869771198293681
0.0 0.0253518574448807
0.0 0.1547882965808923
0.0 0.15270140384366102
0.0 0.0020009306654257797
0.0 0.05017241379310345
0.0 0.11045137074376073
0.0 0.026133349049190634
0.0 0.2881534078969144
0.0 0.02032453919246372
0.0 0.2646648342701632
0.0 0.0644669089786202
0.0 0.03814023155882503
0.0 0.039262585149284664
0.0 0.12455246103295643
0.0 0.11993413827326307
0.0 0.1875696354391581
0.0 0.014285714285714285
0.0 0.1681941926773745
0.0 0.14912960364425495
0.0 0.08005134814800054
0.0 0.0456553547820044
0.0 0.20647585459602433
0.0 0.01891507369035459
0.0 0.09866359185780496
0.0 0.0697250576920264
0.0 0.15476985432273904
0.0 0.059272079493000666
0.0 0.17394953923768874
0.0 0.1569909960004984
0.0 0.022649647374249578
0.0 0.0839584262791353
0.0 0.21319177319929333
0.0 0.060991501479187284
0.0 0.06573706293438501
0.0 0.10559324161933914
0.0 0.08920286037379326
0.0 0.25267095228467695
0.0 0.1904733723405891
0.0 0.08566540771469851
0.0 0.09213175538410266
0.0 0.28721764918276066
0.0 0.16635401364925267
0.0 0.13032171310204305
0.0 0.11029377995590403
0.0 0.057051664197191904
0.0 0.1791087957377643
0.0 0.022625932015509255
0.0 0.058673671722715835
0.0 0.09173299001977535
0.0 0.34077751840361087
0.0 0.09442988920177171
0.0 0.00734126984126984
0.0 0.08143005180999102
0.0 0.15400271113529504
0.0 0.024145766124192145
0.0 0.1367613983329115
0.0 0.08701864021853625
0.0 0.16502085507307
0.0 0.7200478091529965
0.0 0.12355262886577036
0.0 0.07155432017037687
0.0 0.3034494698755691
0.0 0.02321872863978127
0.0 0.28652897454840726
0.0 0.10479047177916805
0.0 0.020640503517215844
0.0 0.08019120348109382
0.0 0.2597477627347529
0.0 0.019657142857142856
0.0 0.047753171966461
0.0 0.12193417624530246
0.0 0.10257691658422817
0.0 0.036352219428305875
0.0 0.0625371731398107
0.0 0.06816042334134288
0.0 0.027231425132626077
