0.0 0.06807047119508382
0.0 0.03441551791782207
0.0 0.009216589861751152
0.0 0.06906179290781636
0.0 0.04598160600989208
0.0 0.06282265195374669
0.0 0.06209942769479515
0.0 0.06215785832900156
0.0 0.040437828170368104
0.0 0.036338269302758325
0.0 0.06484101368703714
0.0 0.010560073963855944
0.0 0.12588130779703635
0.0 0.05270455606833302
0.0 0.11799278641056297
0.0 0.08159801431357848
0.0 0.03442438398249269
0.0 0.10922306620331858
0.0 0.03813555643200432
0.0 0.031362284542657104
0.0 0.10073210144783001
0.0 0.05793114017988027
0.0 0.05984572719183323
0.0 0.05984572719183323
0.0 0.10275046318112048
0.0 0.04824591015566719
0.0 0.08006970119820121
0.0 0.06282265195374669
0.0 0.02128902446939703
0.0 0.009216589861751152
0.0 0.1319383646418555
0.0 0.05672805301281005
0.0 0.06034082739752274
0.0 0.02029803178431457
0.0 0.009216589861751152
0.0 0.009216589861751152
0.0 0.14364247969813793
0.0 0.07899685927616691
0.0 0.05828205113087013
0.0 0.021641515886419365
0.0 0.053876284830036744
0.0 0.009216589861751152
0.0 0.06456160661830194
0.0 0.07902848912732578
0.0 0.034300331924374684
0.0 0.034300331924374684
0.0 0.04398556194858775
0.0 0.04733853334493016
0.0 0.10487011837621309
0.0 0.03770003251092728
0.0 0.1490295826133654
0.0 0.1490295826133654
0.0 0.16172799531177812
0.0 0.15632441544011313
0.0 0.2198547297137924
0.0 0.08354078216907061
0.0 0.05956219517444008
0.0 0.059688089688089696
0.0 0.02994782994782995
0.0 0.11685861414675186
0.0 0.06515186457417606
0.0 0.06891082693255755
0.0 0.07832500332927445
0.0 0.08368708452842132
0.0 0.018722974338250153
0.0 0.03658751145744566
0.0 0.036291251649174516
0.0 0.0666854395504373
0.0 0.1592144534238271
0.0 0.07924158740838833
0.0 0.09338152501436808
0.0 0.0
0.0 0.036765016148140935
0.0 0.03705215419501134
0.0 0.02397719651240778
0.0 0.2496984186055471
0.0 0.06037658009834696
0.0 0.2294101413912962
0.0 0.20568582325301527
0.0 0.22855424347657474
0.0 0.2533468545742978
0.0 0.28903102282159293
0.0 0.2859644426488224
1.0 0.064018296973962
0.0 0.03018104615395256
0.0 0.056935226980708
0.0 0.06580824145440013
0.0 0.01
0.0 0.0
0.0 0.12193937102419726
0.0 0.100636571850919
0.0 0.021450685537372845
0.0 0.0
0.0 0.1085217915255617
0.0 0.028380859435511357
0.0 0.1923617888030533
0.0 0.14756073250138038
0.0 0.07504637116560224
0.0 0.0922589247459329
0.0 0.03484766005633075
0.0 0.04551112026850848
0.0 0.044398041878534085
0.0 0.058299767053055604
0.0 0.2707422599733233
0.0 0.23812364768578062
0.0 0.28492407447292106
0.0 0.25819013734864543
0.0 0.04084747338195008
0.0 0.04099988316950512
0.0 0.12020650522141832
0.0 0.027608282246755118
1.0 0.3520090695129966
1.0 0.11699744468839955
1.0 0.06008329640099768
0.0 0.1471041346146215
0.0 0.09980389169836905
0.0 0.11934991772723456
0.0 0.08941351438195502
0.0 0.06714492799260507
0.0 0.053392647967917546
0.0 0.23071660771587155
0.0 0.023622476813966176
0.0 0.01722267061250112
0.0 0.17097156427835813
0.0 0.08940799570366294
0.0 0.08726589987663193
0.0 0.09465248787791489
0.0 0.14170822371490377
0.0 0.1340632555220011
0.0 0.07353097324290586
0.0 0.0460892420628729
0.0 0.14585847176065542
0.0 0.024891774891774892
0.0 0.11871949926322271
0.0 0.29201804702091333
0.0 0.04583887262851732
0.0 0.2488933338992912
0.0 0.021090519966924463
0.0 0.07638416685058481
0.0 0.039276384535005225
0.0 0.11156253549884831
0.0 0.0684831968058802
0.0 0.1325168878504429
0.0 0.20365456969220572
0.0 0.09421879162650287
0.0 0.11242532452098605
0.0 0.029133677567412506
0.0 0.10983893013539243
0.0 0.117177831544413
0.0 0.011131168831168832
0.0 0.0059978189749182115
0.0 0.24548236806839238
0.0 0.07298273164924261
0.0 0.09209717356588548
0.0 0.0668808337718941
0.0 0.04991312741312741
0.0 0.23201663470122022
0.0 0.018542505030181084
0.0 0.04894205028028022
0.0 0.07384308395437371
0.0 0.10389505089249068
0.0 0.036924787591242375
0.0 0.10421457487762562
0.0 0.037083013508281956
0.0 0.13092577048993093
0.0 0.05465195927411627
0.0 0.0511237856346552
0.0 0.20657443072852785
0.0 0.025848385331143954
0.0 0.18450695275085496
0.0 0.09607936963030267
0.0 0.04995152052610186
0.0 0.04182643054677648
0.0 0.12925083269978588
0.0 0.14352298004805958
0.0 0.13740437651758852
0.0 0.13745585427639065
0.0 0.05387103054427038
0.0 0.05608425136409714
0.0 0.12105160622725443
0.0 0.07506511796853335
0.0 0.030429355590645912
0.0 0.16451556443970472
0.0 0.09948363327402948
0.0 0.15535757781052995
0.0 0.026091269841269842
0.0 0.08394010477711585
0.0 0.04749337780539989
0.0 0.04580150008721438
0.0 0.03821139469157153
0.0 0.152864325319271
0.0 0.1512978736515547
0.0 0.0912680080679537
0.0 0.01129032258064516
0.0 0.17175210070033253
0.0 0.019698999290836024
0.0 0.06052475040962199
0.0 0.06894323252500922
0.0 0.09392596982964183
0.0 0.2367852462597373
0.0 0.07392219768879654
0.0 0.022000395248742442
