0.0 0.14378418253691516
0.0 0.05725880206635914
0.0 0.11190618575949902
0.0 0.08707323094077608
0.0 0.09668740497957184
0.0 0.03293832249055501
0.0 0.05616867308927406
0.0 0.22741649850764312
0.0 0.11277310931960069
0.0 0.1626068319216111
0.0 0.24637825623412987
0.0 0.12610297799818546
0.0 0.06595644139986939
0.0 0.0704693388616971
0.0 0.21686057785463758
0.0 0.07464050300226942
0.0 0.09961662261020583
0.0 0.36261517878933525
0.0 0.04329895912522197
0.0 0.008905380333951763
0.0 0.05928148041170295
0.0 0.03673449357659884
0.0 0.08958405757249036
0.0 0.03514370341438011
0.0 0.13519394528585638
0.0 0.02993004955361177
0.0 0.07211032970758631
0.0 0.01808742635810305
0.0 0.03952541794745087
0.0 0.06259147894860947
0.0 0.08516567373747518
0.0 0.0037329504666188088
0.0 0.0075685903500473046
0.0 0.13148535329181957
0.0 0.035974457897628924
0.0 0.0
0.0 0.0038961038961038957
0.0 0.10244517787577316
0.0 0.055818791483680484
0.0 0.09052714237103437
0.0 0.03912425680466918
0.0 0.038832120005060866
0.0 0.05816971240198527
0.0 0.025927559606584754
0.0 0.12160072084851614
0.0 0.15420689618750513
0.0 0.18982580489203657
0.0 0.1505014684969186
0.0 0.12179402192730944
0.0 0.24724492387540106
0.0 0.07086626002608093
0.0 0.10941678854376823
0.0 0.07535834005398477
0.0 0.12833179747013698
0.0 0.13510346869813167
0.0 0.07994881129338424
0.0 0.06027013289225011
0.0 0.14182412677372175
0.0 0.16365715906082842
0.0 0.08240035190040897
0.0 0.06575695554790419
0.0 0.10169889599337083
0.0 0.09533242083187767
0.0 0.08496800044025624
0.0 0.026306245990805444
0.0 0.04077226345083488
0.0 0.045993943031758154
0.0 0.13953279176926084
0.0 0.1237841324683627
0.0 0.17669067986935816
0.0 0.13676311246896927
0.0 0.10257948239588746
0.0 0.1885084669960231
0.0 0.08697388626883705
0.0 0.09320808672690645
0.0 0.12081789698589832
0.0 0.11854110005630125
0.0 0.07542825980415095
0.0 0.07183177998763529
0.0 0.0316932836748505
0.0 0.11845715001054136
0.0 0.10967289906616595
0.0 0.11847307409064159
1.0 0.3729378775419134
1.0 0.37886445870069263
0.0 0.05683310003763668
0.0 0.10460015323389016
0.0 0.1258390313245843
0.0 0.0925264528044743
0.0 0.17356989790649974
0.0 0.21100154778163963
0.0 0.03756443869579338
0.0 0.020834708191139136
0.0 0.05654790385053542
0.0 0.03406954887218045
0.0 0.10348632413338296
0.0 0.07827156970014114
0.0 0.060530113858918204
0.0 0.05001754763581462
0.0 0.08035135894847546
0.0 0.08220320279022503
0.0 0.14242637368669153
0.0 0.1577197532028704
0.0 0.12036853537567721
0.0 0.12544282440369872
0.0 0.13161181339984684
0.0 0.19503827335512566
0.0 0.03883461610265379
0.0 0.06584760311564081
0.0 0.009598214285714286
0.0 0.01689980158730159
1.0 0.1867624449383035
1.0 0.798128918544383
1.0 0.8974569405356545
0.0 0.020242215029928803
0.0 0.08433380090606604
0.0 0.05379837513711187
0.0 0.12863536869250414
0.0 0.21999655825566777
0.0 0.19326266118639132
0.0 0.06414139337384686
0.0 0.02660458839406208
0.0 0.08502870544596211
0.0 0.1631268836887866
0.0 0.06563954542407444
0.0 0.046216701173222914
0.0 0.26112218652051034
0.0 0.17753977518196837
0.0 0.16909729942679164
0.0 0.12245622750656679
0.0 0.10421250160787285
0.0 0.18786756259554138
0.0 0.15036517423962859
0.0 0.23658633982296057
0.0 0.015463462648067068
0.0 0.09755296801921061
0.0 0.052257206023592455
0.0 0.185105415935255
0.0 0.2286526127009807
0.0 0.4435280795465558
0.0 0.11808602401409722
0.0 0.140223378752275
0.0 0.1593183772182416
0.0 0.059203685492622324
0.0 0.1490017862378768
0.0 0.11418255973697897
0.0 0.119869994586075
0.0 0.16601157925141607
0.0 0.05009159312229228
0.0 0.2698313856340167
0.0 0.1616160235663679
0.0 0.0062268089053803335
0.0 0.10422502673848226
0.0 0.062447845827284035
0.0 0.8135384102802454
0.0 0.054259121691579947
0.0 0.06349270660238952
0.0 0.1528432794884564
0.0 0.1455947266702493
0.0 0.04126121845634041
0.0 0.09181236503232629
0.0 0.05454918225385759
0.0 0.013254809722201027
0.0 0.14644256440928852
0.0 0.04822943385135657
0.0 0.08929300450309197
0.0 0.026929849084550903
0.0 0.16778580926109687
0.0 0.09496422481688552
0.0 0.1857802834631864
0.0 0.06763298187395078
0.0 0.12690238603959553
0.0 0.007334603801995107
0.0 0.08474639394660964
0.0 0.050001064785226174
0.0 0.03549889426598319
0.0 0.05017609280369647
0.0 0.05156584347161533
0.0 0.06750654918222149
0.0 0.06685788048747027
0.0 0.03939917669809627
0.0 0.1280892919584141
0.0 0.057189448775061894
0.0 0.22936567837578017
0.0 0.22602537391135838
0.0 0.10602287209171035
0.0 0.12692566084022625
0.0 0.17177819093978608
0.0 0.07458553651937552
0.0 0.06566497165315437
0.0 0.06961466761588131
0.0 0.16160403232946605
0.0 0.057292334784542334
0.0 0.044244918390768516
0.0 0.0035196687370600416
0.0 0.264155307690479
0.0 0.044772315719716065
0.0 0.0654484223475599
0.0 0.04930561293343249
0.0 0.12267327273911438
0.0 0.1070111069655686
