0.08744461267632778
0.04258635464640496
0.08779646068081425
0.049357868733247746
0.06871748956649536
0.06470499650524983
0.01747853239656518
0.12391288868474404
0.9594589319260434
0.08744461267632778
0.11884592370936614
0.1402758922266523
0.09735813074877024
0.04467469474850887
0.06620166634796529
0.06716942399795105
0.016244566792234134
0.06578985941484335
0.09135188739709438
0.05284944503694504
0.0751061664915571
0.15750137377479964
0.10760946073444629
0.032781789638932496
0.04714542838966802
0.03595603098802621
0.034947647010022974
0.01731315744788381
0.1063656138236356
0.05085314404772689
0.0934882398303451
0.2129896036255665
0.006128295194898203
0.04608511735254041
0.014983010365827432
0.1260858324480882
0.024632826708829523
0.019827097505668932
0.01530108501327616
0.7726334660636354
0.16554530800166617
0.07138070495984165
0.0376871731959153
0.21653647421799568
0.29606286142807214
0.15600464786540838
0.047421214529791256
0.06151738256418282
0.07295029887453142
0.04825385103375442
0.11789970067248459
0.1651090474125964
0.16088762518582156
0.11789970067248459
0.0561342905918631
0.005204081632653061
0.030458954906539288
0.03519296338390077
0.06730896367653665
0.1500039481767723
0.10796916645800765
0.10970855697843146
0.1296080970582691
0.18358953089875146
0.0055979643765903305
0.18968274837782662
0.10774874075617592
0.5863467743978412
0.14782667992671222
0.05284944503694504
0.05107623002650275
0.03806666230275952
0.12657922738699537
0.141771919615623
0.015574197439482414
0.10406553200656514
0.05905605184768161
0.1987960714531111
0.23203924573853305
0.5764872798565481
0.03152401325842168
0.033056958683686063
0.021839460975229787
0.12170525122292589
0.05154193664070527
0.12629844708892202
0.04140258238002599
0.0673418843583227
0.05124172887645523
0.13425293401631225
0.02909868505806881
0.17125501263081339
0.08439974680396274
0.5996509280747374
0.09111262368607762
0.13621865740408665
0.07485475484249203
0.10215976463118202
0.19316694649904906
0.25890489350556023
0.14293160827883214
0.1920735796736329
0.12928758846077626
0.0414070553504617
0.023643177809844474
0.14769008939088726
0.21489275892339554
0.2058434183139342
0.11201447148438623
0.03714491493284111
0.14872342649962372
0.2944715520501931
0.1513511201361641
0.07115744948636975
0.05302768703342566
0.18787376987234988
0.9509599706157841
0.15728293846461663
0.053035701316446984
0.09264446937123837
0.1524473839879201
0.11575600285774768
0.04512548262548262
0.08665447484869741
0.12446500249436356
0.14902455936927708
0.07240113246537624
0.09947381196883046
0.05802564873365261
0.08658107962187495
0.1230816623393954
0.048523809523809525
0.18873290992330086
0.12042694232342664
0.04725656426209083
0.04150569838165052
0.08082996247803596
0.12320584758161472
0.05141816887410571
0.09322246756042994
0.19784785463351345
0.08457570281053432
0.024675324675324677
0.07549788843248915
0.04015851546814677
0.1972721918252008
0.025447870864933456
0.08557722720512777
0.07705610008684126
0.18864873391853632
0.47353856632548924
0.14663730743987086
0.08723721304253859
0.080734521290653
0.12962972774845732
0.3382085877423423
0.008430913348946136
0.08621743717334884
0.05414020041347494
0.12804838732321397
0.12296869298882758
0.18954139305030682
0.041233266000323954
0.029489714678619255
0.1411595894205727
0.12129246653383403
0.08539731917435185
0.027583867798572696
0.080734521290653
0.07216258703602449
0.07162865722823104
0.0350507126415443
0.18989592543630432
0.9335924840348164
0.06148329592161247
0.04026938928172477
0.0635896464342024
0.08492579010732672
0.267588129823797
0.17008434783990217
0.14634483441741325
0.11317455111910465
0.04706220960572779
0.04258635464640496
0.09069613744595954
0.13319080882697018
0.05635202071372284
0.013694581280788178
0.7883326032322463
0.5518194097120759
0.07946084271415153
0.04178551405000825
0.06621812847068209
0.014540272926373525
0.03686043430895266
0.038824713578852206
0.0
0.03905409464788997
0.14294412263157755
0.10139078824835816
0.01892340008103555
0.059230704679558
0.05241161520447277
0.023766233766233765
0.0514215409030297
0.18469619840900214
0.16282562913667314
0.010462776659959759
0.6465819511235541
0.1045814476978416
0.06575859568934317
0.1765003212844374
0.058328267366172144
0.2901059581720306
0.08411793684375886
0.06026996614961128
0.13612389266442879
0.08741366826512423
0.1704978104543406
0.021575846833578792
0.017283593599383074
0.009620991253644314
0.09530067193788501
0.14351717236520353
0.11779376072739206
0.9570332903514901
0.024844407064760304
0.03918667466986795
0.20030013832584348
0.012106537530266344
0.07073124821152967
0.22061099995943265
0.1487170756053521
0.1762023917094932
0.17865680571939474
0.08071110451068539
0.3673294162808779
0.12005413139513946
